<?xml version="1.0" encoding="UTF-8"?>
<coverage generated="1782895875874" clover="3.2.0">
  <project timestamp="1782895875875" name="All files">
    <metrics statements="277" coveredstatements="195" conditionals="190" coveredconditionals="144" methods="75" coveredmethods="39" elements="542" coveredelements="378" complexity="0" loc="277" ncloc="277" packages="4" files="8" classes="8"/>
    <package name="src">
      <metrics statements="3" coveredstatements="0" conditionals="0" coveredconditionals="0" methods="1" coveredmethods="0"/>
      <file name="App.tsx" path="/private/var/folders/hr/vz_7_szx39s7_vd6kz8152ww0000gn/T/agentws_me6z9m8n/src/App.tsx">
        <metrics statements="3" coveredstatements="0" conditionals="0" coveredconditionals="0" methods="1" coveredmethods="0"/>
        <line num="1" count="0" type="stmt"/>
        <line num="3" count="0" type="stmt"/>
        <line num="4" count="0" type="stmt"/>
      </file>
    </package>
    <package name="src.components">
      <metrics statements="62" coveredstatements="8" conditionals="29" coveredconditionals="19" methods="38" coveredmethods="4"/>
      <file name="CalcButton.tsx" path="/private/var/folders/hr/vz_7_szx39s7_vd6kz8152ww0000gn/T/agentws_me6z9m8n/src/components/CalcButton.tsx">
        <metrics statements="3" coveredstatements="3" conditionals="8" coveredconditionals="8" methods="1" coveredmethods="1"/>
        <line num="12" count="1" type="stmt"/>
        <line num="21" count="1" type="stmt"/>
        <line num="29" count="6" type="stmt"/>
      </file>
      <file name="Calculator.tsx" path="/private/var/folders/hr/vz_7_szx39s7_vd6kz8152ww0000gn/T/agentws_me6z9m8n/src/components/Calculator.tsx">
        <metrics statements="54" coveredstatements="0" conditionals="7" coveredconditionals="0" methods="34" coveredmethods="0"/>
        <line num="1" count="0" type="stmt"/>
        <line num="2" count="0" type="stmt"/>
        <line num="3" count="0" type="stmt"/>
        <line num="4" count="0" type="stmt"/>
        <line num="5" count="0" type="stmt"/>
        <line num="6" count="0" type="stmt"/>
        <line num="9" count="0" type="stmt"/>
        <line num="27" count="0" type="stmt"/>
        <line num="29" count="0" type="stmt"/>
        <line num="30" count="0" type="stmt"/>
        <line num="31" count="0" type="stmt"/>
        <line num="34" count="0" type="stmt"/>
        <line num="35" count="0" type="stmt"/>
        <line num="36" count="0" type="stmt"/>
        <line num="37" count="0" type="stmt"/>
        <line num="42" count="0" type="stmt"/>
        <line num="43" count="0" type="stmt"/>
        <line num="44" count="0" type="stmt"/>
        <line num="45" count="0" type="stmt"/>
        <line num="48" count="0" type="cond" truecount="0" falsecount="5"/>
        <line num="49" count="0" type="stmt"/>
        <line num="53" count="0" type="stmt"/>
        <line num="57" count="0" type="stmt"/>
        <line num="67" count="0" type="stmt"/>
        <line num="96" count="0" type="stmt"/>
        <line num="97" count="0" type="stmt"/>
        <line num="98" count="0" type="stmt"/>
        <line num="99" count="0" type="stmt"/>
        <line num="100" count="0" type="stmt"/>
        <line num="103" count="0" type="stmt"/>
        <line num="104" count="0" type="stmt"/>
        <line num="105" count="0" type="stmt"/>
        <line num="106" count="0" type="stmt"/>
        <line num="107" count="0" type="stmt"/>
        <line num="110" count="0" type="stmt"/>
        <line num="111" count="0" type="stmt"/>
        <line num="112" count="0" type="stmt"/>
        <line num="113" count="0" type="stmt"/>
        <line num="114" count="0" type="stmt"/>
        <line num="121" count="0" type="stmt"/>
        <line num="124" count="0" type="stmt"/>
        <line num="125" count="0" type="stmt"/>
        <line num="126" count="0" type="stmt"/>
        <line num="128" count="0" type="stmt"/>
        <line num="131" count="0" type="stmt"/>
        <line num="132" count="0" type="stmt"/>
        <line num="133" count="0" type="stmt"/>
        <line num="135" count="0" type="stmt"/>
        <line num="138" count="0" type="stmt"/>
        <line num="139" count="0" type="stmt"/>
        <line num="140" count="0" type="stmt"/>
        <line num="142" count="0" type="stmt"/>
        <line num="145" count="0" type="stmt"/>
        <line num="151" count="0" type="stmt"/>
      </file>
      <file name="Display.tsx" path="/private/var/folders/hr/vz_7_szx39s7_vd6kz8152ww0000gn/T/agentws_me6z9m8n/src/components/Display.tsx">
        <metrics statements="2" coveredstatements="2" conditionals="12" coveredconditionals="9" methods="1" coveredmethods="1"/>
        <line num="11" count="1" type="stmt"/>
        <line num="12" count="7" type="stmt"/>
      </file>
      <file name="HistoryPanel.tsx" path="/private/var/folders/hr/vz_7_szx39s7_vd6kz8152ww0000gn/T/agentws_me6z9m8n/src/components/HistoryPanel.tsx">
        <metrics statements="3" coveredstatements="3" conditionals="2" coveredconditionals="2" methods="2" coveredmethods="2"/>
        <line num="8" count="1" type="stmt"/>
        <line num="9" count="6" type="stmt"/>
        <line num="29" count="6" type="stmt"/>
      </file>
    </package>
    <package name="src.hooks">
      <metrics statements="97" coveredstatements="89" conditionals="93" coveredconditionals="76" methods="22" coveredmethods="21"/>
      <file name="useCalculator.ts" path="/private/var/folders/hr/vz_7_szx39s7_vd6kz8152ww0000gn/T/agentws_me6z9m8n/src/hooks/useCalculator.ts">
        <metrics statements="76" coveredstatements="68" conditionals="62" coveredconditionals="45" methods="18" coveredmethods="17"/>
        <line num="1" count="1" type="stmt"/>
        <line num="3" count="1" type="stmt"/>
        <line num="22" count="1" type="stmt"/>
        <line num="32" count="55" type="cond" truecount="1" falsecount="0"/>
        <line num="33" count="3" type="stmt"/>
        <line num="36" count="52" type="cond" truecount="3" falsecount="0"/>
        <line num="37" count="1" type="cond" truecount="5" falsecount="1"/>
        <line num="40" count="1" type="cond" truecount="1" falsecount="1"/>
        <line num="42" count="1" type="stmt"/>
        <line num="43" count="1" type="stmt"/>
        <line num="51" count="0" type="stmt"/>
        <line num="55" count="51" type="cond" truecount="13" falsecount="2"/>
        <line num="57" count="27" type="cond" truecount="1" falsecount="0"/>
        <line num="58" count="4" type="stmt"/>
        <line num="65" count="23" type="cond" truecount="2" falsecount="0"/>
        <line num="66" count="23" type="stmt"/>
        <line num="76" count="2" type="cond" truecount="0" falsecount="1"/>
        <line num="77" count="0" type="stmt"/>
        <line num="84" count="2" type="cond" truecount="1" falsecount="0"/>
        <line num="85" count="1" type="stmt"/>
        <line num="93" count="4" type="stmt"/>
        <line num="95" count="4" type="stmt"/>
        <line num="96" count="4" type="stmt"/>
        <line num="104" count="1" type="stmt"/>
        <line num="113" count="0" type="cond" truecount="0" falsecount="1"/>
        <line num="114" count="0" type="stmt"/>
        <line num="121" count="0" type="stmt"/>
        <line num="129" count="4" type="cond" truecount="0" falsecount="1"/>
        <line num="130" count="4" type="stmt"/>
        <line num="131" count="4" type="stmt"/>
        <line num="132" count="2" type="stmt"/>
        <line num="133" count="2" type="stmt"/>
        <line num="141" count="2" type="stmt"/>
        <line num="151" count="1" type="cond" truecount="2" falsecount="1"/>
        <line num="152" count="0" type="stmt"/>
        <line num="154" count="1" type="stmt"/>
        <line num="162" count="3" type="cond" truecount="2" falsecount="1"/>
        <line num="163" count="3" type="cond" truecount="2" falsecount="0"/>
        <line num="167" count="3" type="cond" truecount="1" falsecount="1"/>
        <line num="170" count="3" type="stmt"/>
        <line num="174" count="2" type="cond" truecount="2" falsecount="0"/>
        <line num="178" count="1" type="stmt"/>
        <line num="179" count="1" type="cond" truecount="0" falsecount="1"/>
        <line num="180" count="1" type="stmt"/>
        <line num="181" count="1" type="stmt"/>
        <line num="182" count="1" type="stmt"/>
        <line num="192" count="3" type="stmt"/>
        <line num="193" count="3" type="cond" truecount="1" falsecount="1"/>
        <line num="197" count="1" type="stmt"/>
        <line num="198" count="1" type="stmt"/>
        <line num="209" count="1" type="stmt"/>
        <line num="213" count="1" type="stmt"/>
        <line num="214" count="1" type="cond" truecount="1" falsecount="1"/>
        <line num="218" count="0" type="stmt"/>
        <line num="223" count="4" type="cond" truecount="0" falsecount="1"/>
        <line num="225" count="4" type="stmt"/>
        <line num="226" count="4" type="stmt"/>
        <line num="229" count="1" type="stmt"/>
        <line num="230" count="73" type="stmt"/>
        <line num="232" count="73" type="stmt"/>
        <line num="233" count="73" type="stmt"/>
        <line num="234" count="73" type="stmt"/>
        <line num="235" count="73" type="stmt"/>
        <line num="236" count="0" type="stmt"/>
        <line num="237" count="73" type="stmt"/>
        <line num="238" count="73" type="stmt"/>
        <line num="239" count="73" type="stmt"/>
        <line num="240" count="73" type="stmt"/>
        <line num="241" count="73" type="stmt"/>
        <line num="242" count="73" type="stmt"/>
        <line num="243" count="73" type="stmt"/>
        <line num="244" count="73" type="stmt"/>
        <line num="245" count="73" type="stmt"/>
        <line num="246" count="73" type="stmt"/>
        <line num="247" count="73" type="stmt"/>
        <line num="249" count="73" type="stmt"/>
      </file>
      <file name="useKeyboardInput.ts" path="/private/var/folders/hr/vz_7_szx39s7_vd6kz8152ww0000gn/T/agentws_me6z9m8n/src/hooks/useKeyboardInput.ts">
        <metrics statements="21" coveredstatements="21" conditionals="31" coveredconditionals="31" methods="4" coveredmethods="4"/>
        <line num="1" count="1" type="stmt"/>
        <line num="13" count="1" type="stmt"/>
        <line num="17" count="19" type="stmt"/>
        <line num="19" count="19" type="stmt"/>
        <line num="21" count="31" type="cond" truecount="1" falsecount="0"/>
        <line num="22" count="28" type="cond" truecount="4" falsecount="0"/>
        <line num="23" count="25" type="stmt"/>
        <line num="24" count="25" type="cond" truecount="4" falsecount="0"/>
        <line num="25" count="14" type="cond" truecount="2" falsecount="0"/>
        <line num="26" count="13" type="cond" truecount="2" falsecount="0"/>
        <line num="27" count="12" type="cond" truecount="2" falsecount="0"/>
        <line num="28" count="11" type="cond" truecount="2" falsecount="0"/>
        <line num="29" count="10" type="cond" truecount="2" falsecount="0"/>
        <line num="30" count="9" type="cond" truecount="2" falsecount="0"/>
        <line num="31" count="8" type="cond" truecount="4" falsecount="0"/>
        <line num="32" count="6" type="cond" truecount="2" falsecount="0"/>
        <line num="33" count="5" type="cond" truecount="2" falsecount="0"/>
        <line num="34" count="4" type="cond" truecount="1" falsecount="0"/>
        <line num="39" count="19" type="stmt"/>
        <line num="40" count="19" type="stmt"/>
        <line num="41" count="19" type="stmt"/>
      </file>
    </package>
    <package name="src.utils">
      <metrics statements="115" coveredstatements="98" conditionals="68" coveredconditionals="49" methods="14" coveredmethods="14"/>
      <file name="mathEngine.ts" path="/private/var/folders/hr/vz_7_szx39s7_vd6kz8152ww0000gn/T/agentws_me6z9m8n/src/utils/mathEngine.ts">
        <metrics statements="115" coveredstatements="98" conditionals="68" coveredconditionals="49" methods="14" coveredmethods="14"/>
        <line num="6" count="2" type="stmt"/>
        <line num="7" count="7" type="stmt"/>
        <line num="13" count="2" type="stmt"/>
        <line num="14" count="3" type="stmt"/>
        <line num="22" count="2" type="stmt"/>
        <line num="23" count="36" type="cond" truecount="3" falsecount="0"/>
        <line num="24" count="1" type="stmt"/>
        <line num="28" count="35" type="stmt"/>
        <line num="33" count="35" type="stmt"/>
        <line num="35" count="28" type="cond" truecount="0" falsecount="1"/>
        <line num="36" count="0" type="stmt"/>
        <line num="39" count="28" type="stmt"/>
        <line num="51" count="35" type="stmt"/>
        <line num="52" count="35" type="stmt"/>
        <line num="53" count="28" type="cond" truecount="0" falsecount="1"/>
        <line num="54" count="0" type="stmt"/>
        <line num="56" count="28" type="stmt"/>
        <line num="60" count="53" type="stmt"/>
        <line num="61" count="46" type="stmt"/>
        <line num="62" count="25" type="stmt"/>
        <line num="63" count="25" type="cond" truecount="2" falsecount="0"/>
        <line num="64" count="6" type="stmt"/>
        <line num="65" count="6" type="stmt"/>
        <line num="66" count="19" type="cond" truecount="2" falsecount="0"/>
        <line num="67" count="1" type="stmt"/>
        <line num="68" count="1" type="stmt"/>
        <line num="70" count="18" type="stmt"/>
        <line num="73" count="46" type="stmt"/>
        <line num="77" count="60" type="stmt"/>
        <line num="78" count="56" type="stmt"/>
        <line num="79" count="35" type="stmt"/>
        <line num="80" count="35" type="cond" truecount="2" falsecount="0"/>
        <line num="81" count="4" type="stmt"/>
        <line num="82" count="4" type="stmt"/>
        <line num="83" count="31" type="cond" truecount="2" falsecount="0"/>
        <line num="84" count="6" type="stmt"/>
        <line num="85" count="6" type="stmt"/>
        <line num="86" count="6" type="cond" truecount="1" falsecount="0"/>
        <line num="87" count="3" type="stmt"/>
        <line num="89" count="25" type="stmt"/>
        <line num="92" count="53" type="stmt"/>
        <line num="96" count="73" type="stmt"/>
        <line num="97" count="69" type="cond" truecount="3" falsecount="0"/>
        <line num="98" count="3" type="stmt"/>
        <line num="99" count="3" type="stmt"/>
        <line num="100" count="3" type="stmt"/>
        <line num="102" count="66" type="stmt"/>
        <line num="106" count="73" type="cond" truecount="3" falsecount="0"/>
        <line num="107" count="3" type="stmt"/>
        <line num="108" count="3" type="stmt"/>
        <line num="110" count="70" type="cond" truecount="2" falsecount="1"/>
        <line num="111" count="0" type="stmt"/>
        <line num="113" count="70" type="stmt"/>
        <line num="117" count="73" type="stmt"/>
        <line num="118" count="69" type="cond" truecount="2" falsecount="0"/>
        <line num="119" count="2" type="stmt"/>
        <line num="120" count="2" type="stmt"/>
        <line num="122" count="69" type="stmt"/>
        <line num="127" count="73" type="cond" truecount="1" falsecount="0"/>
        <line num="128" count="2" type="stmt"/>
        <line num="129" count="2" type="stmt"/>
        <line num="130" count="2" type="cond" truecount="0" falsecount="1"/>
        <line num="131" count="0" type="stmt"/>
        <line num="133" count="2" type="stmt"/>
        <line num="134" count="2" type="stmt"/>
        <line num="138" count="71" type="stmt"/>
        <line num="141" count="71" type="cond" truecount="1" falsecount="0"/>
        <line num="142" count="16" type="stmt"/>
        <line num="143" count="16" type="stmt"/>
        <line num="144" count="16" type="cond" truecount="0" falsecount="1"/>
        <line num="145" count="0" type="stmt"/>
        <line num="147" count="16" type="stmt"/>
        <line num="148" count="16" type="stmt"/>
        <line num="149" count="16" type="cond" truecount="0" falsecount="1"/>
        <line num="150" count="0" type="stmt"/>
        <line num="152" count="16" type="stmt"/>
        <line num="153" count="16" type="stmt"/>
        <line num="157" count="55" type="stmt"/>
        <line num="158" count="55" type="cond" truecount="1" falsecount="0"/>
        <line num="159" count="55" type="stmt"/>
        <line num="160" count="55" type="stmt"/>
        <line num="163" count="0" type="stmt"/>
        <line num="167" count="16" type="cond" truecount="2" falsecount="0"/>
        <line num="168" count="16" type="cond" truecount="2" falsecount="0"/>
        <line num="170" count="16" type="cond" truecount="8" falsecount="8"/>
        <line num="172" count="2" type="cond" truecount="1" falsecount="0"/>
        <line num="173" count="1" type="stmt"/>
        <line num="177" count="3" type="cond" truecount="1" falsecount="0"/>
        <line num="178" count="1" type="stmt"/>
        <line num="181" count="0" type="cond" truecount="0" falsecount="1"/>
        <line num="182" count="0" type="stmt"/>
        <line num="185" count="1" type="cond" truecount="0" falsecount="1"/>
        <line num="186" count="1" type="stmt"/>
        <line num="188" count="3" type="stmt"/>
        <line num="189" count="3" type="stmt"/>
        <line num="190" count="1" type="stmt"/>
        <line num="192" count="3" type="cond" truecount="3" falsecount="0"/>
        <line num="193" count="2" type="stmt"/>
        <line num="196" count="0" type="cond" truecount="0" falsecount="3"/>
        <line num="197" count="0" type="stmt"/>
        <line num="199" count="0" type="stmt"/>
        <line num="200" count="0" type="stmt"/>
        <line num="201" count="0" type="stmt"/>
        <line num="202" count="0" type="stmt"/>
        <line num="203" count="0" type="stmt"/>
        <line num="204" count="0" type="stmt"/>
        <line num="208" count="2" type="stmt"/>
        <line num="209" count="9" type="cond" truecount="3" falsecount="0"/>
        <line num="210" count="2" type="stmt"/>
        <line num="212" count="7" type="cond" truecount="1" falsecount="0"/>
        <line num="213" count="6" type="cond" truecount="3" falsecount="0"/>
        <line num="214" count="4" type="stmt"/>
        <line num="215" count="4" type="stmt"/>
        <line num="216" count="21" type="stmt"/>
        <line num="218" count="4" type="stmt"/>
      </file>
    </package>
  </project>
</coverage>
