{"/private/var/folders/hr/vz_7_szx39s7_vd6kz8152ww0000gn/T/agentws_me6z9m8n/src/App.tsx": {"path":"/private/var/folders/hr/vz_7_szx39s7_vd6kz8152ww0000gn/T/agentws_me6z9m8n/src/App.tsx","statementMap":{"0":{"start":{"line":3,"column":0},"end":{"line":3,"column":24}},"1":{"start":{"line":1,"column":0},"end":{"line":1,"column":53}},"2":{"start":{"line":4,"column":2},"end":{"line":8,"column":4}}},"fnMap":{"0":{"name":"App","decl":{"start":{"line":3,"column":24},"end":{"line":3,"column":27}},"loc":{"start":{"line":3,"column":27},"end":{"line":9,"column":1}}}},"branchMap":{},"s":{"0":0,"1":0,"2":0},"f":{"0":0},"b":{}}
,"/private/var/folders/hr/vz_7_szx39s7_vd6kz8152ww0000gn/T/agentws_me6z9m8n/src/components/CalcButton.tsx": {"path":"/private/var/folders/hr/vz_7_szx39s7_vd6kz8152ww0000gn/T/agentws_me6z9m8n/src/components/CalcButton.tsx","statementMap":{"0":{"start":{"line":21,"column":0},"end":{"line":21,"column":16}},"1":{"start":{"line":12,"column":54},"end":{"line":19,"column":2}},"2":{"start":{"line":29,"column":2},"end":{"line":46,"column":4}}},"fnMap":{"0":{"name":"CalcButton","decl":{"start":{"line":21,"column":16},"end":{"line":21,"column":26}},"loc":{"start":{"line":28,"column":18},"end":{"line":47,"column":1}}}},"branchMap":{"0":{"loc":{"start":{"line":24,"column":2},"end":{"line":24,"column":20}},"type":"default-arg","locations":[{"start":{"line":24,"column":12},"end":{"line":24,"column":20}}]},"1":{"loc":{"start":{"line":25,"column":2},"end":{"line":25,"column":14}},"type":"default-arg","locations":[{"start":{"line":25,"column":9},"end":{"line":25,"column":14}}]},"2":{"loc":{"start":{"line":32,"column":18},"end":{"line":32,"column":36}},"type":"binary-expr","locations":[{"start":{"line":32,"column":18},"end":{"line":32,"column":27}},{"start":{"line":32,"column":31},"end":{"line":32,"column":36}}]},"3":{"loc":{"start":{"line":33,"column":19},"end":{"line":33,"column":43}},"type":"binary-expr","locations":[{"start":{"line":33,"column":19},"end":{"line":33,"column":25}},{"start":{"line":33,"column":29},"end":{"line":33,"column":43}}]},"4":{"loc":{"start":{"line":36,"column":10},"end":{"line":36,"column":34}},"type":"cond-expr","locations":[{"start":{"line":36,"column":17},"end":{"line":36,"column":29}},{"start":{"line":36,"column":32},"end":{"line":36,"column":34}}]}},"s":{"0":1,"1":1,"2":6},"f":{"0":6},"b":{"0":[5],"1":[5],"2":[6,5],"3":[6,5],"4":[1,5]}}
,"/private/var/folders/hr/vz_7_szx39s7_vd6kz8152ww0000gn/T/agentws_me6z9m8n/src/components/Calculator.tsx": {"path":"/private/var/folders/hr/vz_7_szx39s7_vd6kz8152ww0000gn/T/agentws_me6z9m8n/src/components/Calculator.tsx","statementMap":{"0":{"start":{"line":9,"column":0},"end":{"line":9,"column":16}},"1":{"start":{"line":1,"column":0},"end":{"line":1,"column":52}},"2":{"start":{"line":2,"column":0},"end":{"line":2,"column":36}},"3":{"start":{"line":3,"column":0},"end":{"line":3,"column":42}},"4":{"start":{"line":4,"column":0},"end":{"line":4,"column":46}},"5":{"start":{"line":5,"column":0},"end":{"line":5,"column":55}},"6":{"start":{"line":6,"column":0},"end":{"line":6,"column":61}},"7":{"start":{"line":27,"column":6},"end":{"line":27,"column":21}},"8":{"start":{"line":29,"column":32},"end":{"line":29,"column":60}},"9":{"start":{"line":30,"column":28},"end":{"line":30,"column":46}},"10":{"start":{"line":31,"column":25},"end":{"line":31,"column":43}},"11":{"start":{"line":34,"column":23},"end":{"line":38,"column":3}},"12":{"start":{"line":35,"column":4},"end":{"line":35,"column":49}},"13":{"start":{"line":36,"column":4},"end":{"line":36,"column":43}},"14":{"start":{"line":37,"column":4},"end":{"line":37,"column":13}},"15":{"start":{"line":42,"column":31},"end":{"line":42,"column":62}},"16":{"start":{"line":43,"column":2},"end":{"line":55,"column":62}},"17":{"start":{"line":44,"column":23},"end":{"line":44,"column":51}},"18":{"start":{"line":45,"column":4},"end":{"line":45,"column":59}},"19":{"start":{"line":48,"column":4},"end":{"line":54,"column":5}},"20":{"start":{"line":49,"column":6},"end":{"line":52,"column":9}},"21":{"start":{"line":49,"column":25},"end":{"line":52,"column":8}},"22":{"start":{"line":53,"column":6},"end":{"line":53,"column":37}},"23":{"start":{"line":57,"column":2},"end":{"line":65,"column":5}},"24":{"start":{"line":67,"column":2},"end":{"line":153,"column":4}},"25":{"start":{"line":96,"column":66},"end":{"line":96,"column":87}},"26":{"start":{"line":97,"column":66},"end":{"line":97,"column":87}},"27":{"start":{"line":98,"column":66},"end":{"line":98,"column":87}},"28":{"start":{"line":99,"column":66},"end":{"line":99,"column":87}},"29":{"start":{"line":100,"column":65},"end":{"line":100,"column":85}},"30":{"start":{"line":103,"column":67},"end":{"line":103,"column":89}},"31":{"start":{"line":104,"column":67},"end":{"line":104,"column":89}},"32":{"start":{"line":105,"column":67},"end":{"line":105,"column":89}},"33":{"start":{"line":106,"column":64},"end":{"line":106,"column":86}},"34":{"start":{"line":107,"column":65},"end":{"line":107,"column":84}},"35":{"start":{"line":110,"column":64},"end":{"line":110,"column":88}},"36":{"start":{"line":111,"column":64},"end":{"line":111,"column":88}},"37":{"start":{"line":112,"column":65},"end":{"line":112,"column":84}},"38":{"start":{"line":113,"column":64},"end":{"line":113,"column":83}},"39":{"start":{"line":114,"column":64},"end":{"line":114,"column":83}},"40":{"start":{"line":121,"column":64},"end":{"line":121,"column":83}},"41":{"start":{"line":124,"column":62},"end":{"line":124,"column":78}},"42":{"start":{"line":125,"column":62},"end":{"line":125,"column":78}},"43":{"start":{"line":126,"column":62},"end":{"line":126,"column":78}},"44":{"start":{"line":128,"column":64},"end":{"line":128,"column":83}},"45":{"start":{"line":131,"column":62},"end":{"line":131,"column":78}},"46":{"start":{"line":132,"column":62},"end":{"line":132,"column":78}},"47":{"start":{"line":133,"column":62},"end":{"line":133,"column":78}},"48":{"start":{"line":135,"column":64},"end":{"line":135,"column":83}},"49":{"start":{"line":138,"column":62},"end":{"line":138,"column":78}},"50":{"start":{"line":139,"column":62},"end":{"line":139,"column":78}},"51":{"start":{"line":140,"column":62},"end":{"line":140,"column":78}},"52":{"start":{"line":142,"column":64},"end":{"line":142,"column":83}},"53":{"start":{"line":145,"column":67},"end":{"line":145,"column":83}},"54":{"start":{"line":151,"column":53},"end":{"line":151,"column":67}}},"fnMap":{"0":{"name":"Calculator","decl":{"start":{"line":9,"column":16},"end":{"line":9,"column":26}},"loc":{"start":{"line":9,"column":26},"end":{"line":154,"column":1}}},"1":{"name":"(anonymous_1)","decl":{"start":{"line":34,"column":23},"end":{"line":34,"column":26}},"loc":{"start":{"line":34,"column":28},"end":{"line":38,"column":3}}},"2":{"name":"(anonymous_2)","decl":{"start":{"line":43,"column":12},"end":{"line":43,"column":15}},"loc":{"start":{"line":43,"column":17},"end":{"line":55,"column":3}}},"3":{"name":"(anonymous_3)","decl":{"start":{"line":49,"column":17},"end":{"line":49,"column":21}},"loc":{"start":{"line":49,"column":25},"end":{"line":52,"column":8}}},"4":{"name":"(anonymous_4)","decl":{"start":{"line":96,"column":60},"end":{"line":96,"column":63}},"loc":{"start":{"line":96,"column":66},"end":{"line":96,"column":87}}},"5":{"name":"(anonymous_5)","decl":{"start":{"line":97,"column":60},"end":{"line":97,"column":63}},"loc":{"start":{"line":97,"column":66},"end":{"line":97,"column":87}}},"6":{"name":"(anonymous_6)","decl":{"start":{"line":98,"column":60},"end":{"line":98,"column":63}},"loc":{"start":{"line":98,"column":66},"end":{"line":98,"column":87}}},"7":{"name":"(anonymous_7)","decl":{"start":{"line":99,"column":60},"end":{"line":99,"column":63}},"loc":{"start":{"line":99,"column":66},"end":{"line":99,"column":87}}},"8":{"name":"(anonymous_8)","decl":{"start":{"line":100,"column":59},"end":{"line":100,"column":62}},"loc":{"start":{"line":100,"column":65},"end":{"line":100,"column":85}}},"9":{"name":"(anonymous_9)","decl":{"start":{"line":103,"column":61},"end":{"line":103,"column":64}},"loc":{"start":{"line":103,"column":67},"end":{"line":103,"column":89}}},"10":{"name":"(anonymous_10)","decl":{"start":{"line":104,"column":61},"end":{"line":104,"column":64}},"loc":{"start":{"line":104,"column":67},"end":{"line":104,"column":89}}},"11":{"name":"(anonymous_11)","decl":{"start":{"line":105,"column":61},"end":{"line":105,"column":64}},"loc":{"start":{"line":105,"column":67},"end":{"line":105,"column":89}}},"12":{"name":"(anonymous_12)","decl":{"start":{"line":106,"column":58},"end":{"line":106,"column":61}},"loc":{"start":{"line":106,"column":64},"end":{"line":106,"column":86}}},"13":{"name":"(anonymous_13)","decl":{"start":{"line":107,"column":59},"end":{"line":107,"column":62}},"loc":{"start":{"line":107,"column":65},"end":{"line":107,"column":84}}},"14":{"name":"(anonymous_14)","decl":{"start":{"line":110,"column":58},"end":{"line":110,"column":61}},"loc":{"start":{"line":110,"column":64},"end":{"line":110,"column":88}}},"15":{"name":"(anonymous_15)","decl":{"start":{"line":111,"column":58},"end":{"line":111,"column":61}},"loc":{"start":{"line":111,"column":64},"end":{"line":111,"column":88}}},"16":{"name":"(anonymous_16)","decl":{"start":{"line":112,"column":59},"end":{"line":112,"column":62}},"loc":{"start":{"line":112,"column":65},"end":{"line":112,"column":84}}},"17":{"name":"(anonymous_17)","decl":{"start":{"line":113,"column":58},"end":{"line":113,"column":61}},"loc":{"start":{"line":113,"column":64},"end":{"line":113,"column":83}}},"18":{"name":"(anonymous_18)","decl":{"start":{"line":114,"column":58},"end":{"line":114,"column":61}},"loc":{"start":{"line":114,"column":64},"end":{"line":114,"column":83}}},"19":{"name":"(anonymous_19)","decl":{"start":{"line":121,"column":58},"end":{"line":121,"column":61}},"loc":{"start":{"line":121,"column":64},"end":{"line":121,"column":83}}},"20":{"name":"(anonymous_20)","decl":{"start":{"line":124,"column":56},"end":{"line":124,"column":59}},"loc":{"start":{"line":124,"column":62},"end":{"line":124,"column":78}}},"21":{"name":"(anonymous_21)","decl":{"start":{"line":125,"column":56},"end":{"line":125,"column":59}},"loc":{"start":{"line":125,"column":62},"end":{"line":125,"column":78}}},"22":{"name":"(anonymous_22)","decl":{"start":{"line":126,"column":56},"end":{"line":126,"column":59}},"loc":{"start":{"line":126,"column":62},"end":{"line":126,"column":78}}},"23":{"name":"(anonymous_23)","decl":{"start":{"line":128,"column":58},"end":{"line":128,"column":61}},"loc":{"start":{"line":128,"column":64},"end":{"line":128,"column":83}}},"24":{"name":"(anonymous_24)","decl":{"start":{"line":131,"column":56},"end":{"line":131,"column":59}},"loc":{"start":{"line":131,"column":62},"end":{"line":131,"column":78}}},"25":{"name":"(anonymous_25)","decl":{"start":{"line":132,"column":56},"end":{"line":132,"column":59}},"loc":{"start":{"line":132,"column":62},"end":{"line":132,"column":78}}},"26":{"name":"(anonymous_26)","decl":{"start":{"line":133,"column":56},"end":{"line":133,"column":59}},"loc":{"start":{"line":133,"column":62},"end":{"line":133,"column":78}}},"27":{"name":"(anonymous_27)","decl":{"start":{"line":135,"column":58},"end":{"line":135,"column":61}},"loc":{"start":{"line":135,"column":64},"end":{"line":135,"column":83}}},"28":{"name":"(anonymous_28)","decl":{"start":{"line":138,"column":56},"end":{"line":138,"column":59}},"loc":{"start":{"line":138,"column":62},"end":{"line":138,"column":78}}},"29":{"name":"(anonymous_29)","decl":{"start":{"line":139,"column":56},"end":{"line":139,"column":59}},"loc":{"start":{"line":139,"column":62},"end":{"line":139,"column":78}}},"30":{"name":"(anonymous_30)","decl":{"start":{"line":140,"column":56},"end":{"line":140,"column":59}},"loc":{"start":{"line":140,"column":62},"end":{"line":140,"column":78}}},"31":{"name":"(anonymous_31)","decl":{"start":{"line":142,"column":58},"end":{"line":142,"column":61}},"loc":{"start":{"line":142,"column":64},"end":{"line":142,"column":83}}},"32":{"name":"(anonymous_32)","decl":{"start":{"line":145,"column":61},"end":{"line":145,"column":64}},"loc":{"start":{"line":145,"column":67},"end":{"line":145,"column":83}}},"33":{"name":"(anonymous_33)","decl":{"start":{"line":151,"column":47},"end":{"line":151,"column":50}},"loc":{"start":{"line":151,"column":53},"end":{"line":151,"column":67}}}},"branchMap":{"0":{"loc":{"start":{"line":48,"column":4},"end":{"line":54,"column":5}},"type":"if","locations":[{"start":{"line":48,"column":4},"end":{"line":54,"column":5}}]},"1":{"loc":{"start":{"line":48,"column":8},"end":{"line":48,"column":93}},"type":"binary-expr","locations":[{"start":{"line":48,"column":8},"end":{"line":48,"column":19}},{"start":{"line":48,"column":23},"end":{"line":48,"column":46}},{"start":{"line":48,"column":50},"end":{"line":48,"column":64}},{"start":{"line":48,"column":68},"end":{"line":48,"column":93}}]},"2":{"loc":{"start":{"line":88,"column":17},"end":{"line":88,"column":58}},"type":"cond-expr","locations":[{"start":{"line":88,"column":45},"end":{"line":88,"column":50}},{"start":{"line":88,"column":53},"end":{"line":88,"column":58}}]}},"s":{"0":0,"1":0,"2":0,"3":0,"4":0,"5":0,"6":0,"7":0,"8":0,"9":0,"10":0,"11":0,"12":0,"13":0,"14":0,"15":0,"16":0,"17":0,"18":0,"19":0,"20":0,"21":0,"22":0,"23":0,"24":0,"25":0,"26":0,"27":0,"28":0,"29":0,"30":0,"31":0,"32":0,"33":0,"34":0,"35":0,"36":0,"37":0,"38":0,"39":0,"40":0,"41":0,"42":0,"43":0,"44":0,"45":0,"46":0,"47":0,"48":0,"49":0,"50":0,"51":0,"52":0,"53":0,"54":0},"f":{"0":0,"1":0,"2":0,"3":0,"4":0,"5":0,"6":0,"7":0,"8":0,"9":0,"10":0,"11":0,"12":0,"13":0,"14":0,"15":0,"16":0,"17":0,"18":0,"19":0,"20":0,"21":0,"22":0,"23":0,"24":0,"25":0,"26":0,"27":0,"28":0,"29":0,"30":0,"31":0,"32":0,"33":0},"b":{"0":[0],"1":[0,0,0,0],"2":[0,0]}}
,"/private/var/folders/hr/vz_7_szx39s7_vd6kz8152ww0000gn/T/agentws_me6z9m8n/src/components/Display.tsx": {"path":"/private/var/folders/hr/vz_7_szx39s7_vd6kz8152ww0000gn/T/agentws_me6z9m8n/src/components/Display.tsx","statementMap":{"0":{"start":{"line":11,"column":0},"end":{"line":11,"column":16}},"1":{"start":{"line":12,"column":2},"end":{"line":49,"column":4}}},"fnMap":{"0":{"name":"Display","decl":{"start":{"line":11,"column":16},"end":{"line":11,"column":23}},"loc":{"start":{"line":11,"column":89},"end":{"line":50,"column":1}}}},"branchMap":{"0":{"loc":{"start":{"line":16,"column":11},"end":{"line":16,"column":33}},"type":"binary-expr","locations":[{"start":{"line":16,"column":11},"end":{"line":16,"column":21}},{"start":{"line":16,"column":25},"end":{"line":16,"column":33}}]},"1":{"loc":{"start":{"line":19,"column":11},"end":{"line":20,"column":null}},"type":"binary-expr","locations":[{"start":{"line":19,"column":11},"end":{"line":19,"column":23}},{"start":{"line":20,"column":12},"end":{"line":20,"column":96}}]},"2":{"loc":{"start":{"line":24,"column":14},"end":{"line":24,"column":null}},"type":"cond-expr","locations":[{"start":{"line":24,"column":36},"end":{"line":24,"column":52}},{"start":{"line":24,"column":55},"end":{"line":24,"column":null}}]},"3":{"loc":{"start":{"line":34,"column":10},"end":{"line":40,"column":null}},"type":"cond-expr","locations":[{"start":{"line":35,"column":14},"end":{"line":35,"column":38}},{"start":{"line":36,"column":14},"end":{"line":40,"column":null}}]},"4":{"loc":{"start":{"line":36,"column":14},"end":{"line":40,"column":null}},"type":"cond-expr","locations":[{"start":{"line":37,"column":14},"end":{"line":37,"column":23}},{"start":{"line":38,"column":14},"end":{"line":40,"column":null}}]},"5":{"loc":{"start":{"line":38,"column":14},"end":{"line":40,"column":null}},"type":"cond-expr","locations":[{"start":{"line":39,"column":14},"end":{"line":39,"column":24}},{"start":{"line":40,"column":14},"end":{"line":40,"column":null}}]}},"s":{"0":1,"1":7},"f":{"0":7},"b":{"0":[7,0],"1":[7,1],"2":[6,1],"3":[1,6],"4":[0,6],"5":[0,6]}}
,"/private/var/folders/hr/vz_7_szx39s7_vd6kz8152ww0000gn/T/agentws_me6z9m8n/src/components/HistoryPanel.tsx": {"path":"/private/var/folders/hr/vz_7_szx39s7_vd6kz8152ww0000gn/T/agentws_me6z9m8n/src/components/HistoryPanel.tsx","statementMap":{"0":{"start":{"line":8,"column":0},"end":{"line":8,"column":16}},"1":{"start":{"line":9,"column":2},"end":{"line":41,"column":4}},"2":{"start":{"line":29,"column":12},"end":{"line":30,"column":null}}},"fnMap":{"0":{"name":"HistoryPanel","decl":{"start":{"line":8,"column":16},"end":{"line":8,"column":28}},"loc":{"start":{"line":8,"column":68},"end":{"line":42,"column":1}}},"1":{"name":"(anonymous_1)","decl":{"start":{"line":28,"column":22},"end":{"line":28,"column":23}},"loc":{"start":{"line":29,"column":12},"end":{"line":30,"column":null}}}},"branchMap":{"0":{"loc":{"start":{"line":23,"column":9},"end":{"line":37,"column":null}},"type":"cond-expr","locations":[{"start":{"line":24,"column":10},"end":{"line":24,"column":null}},{"start":{"line":28,"column":10},"end":{"line":37,"column":12}}]}},"s":{"0":1,"1":6,"2":6},"f":{"0":6,"1":6},"b":{"0":[3,3]}}
,"/private/var/folders/hr/vz_7_szx39s7_vd6kz8152ww0000gn/T/agentws_me6z9m8n/src/hooks/useCalculator.ts": {"path":"/private/var/folders/hr/vz_7_szx39s7_vd6kz8152ww0000gn/T/agentws_me6z9m8n/src/hooks/useCalculator.ts","statementMap":{"0":{"start":{"line":229,"column":0},"end":{"line":229,"column":16}},"1":{"start":{"line":1,"column":0},"end":{"line":1,"column":48}},"2":{"start":{"line":3,"column":0},"end":{"line":3,"column":47}},"3":{"start":{"line":22,"column":38},"end":{"line":29,"column":2}},"4":{"start":{"line":32,"column":2},"end":{"line":34,"column":3}},"5":{"start":{"line":33,"column":4},"end":{"line":33,"column":81}},"6":{"start":{"line":36,"column":2},"end":{"line":53,"column":3}},"7":{"start":{"line":37,"column":4},"end":{"line":52,"column":5}},"8":{"start":{"line":40,"column":11},"end":{"line":52,"column":5}},"9":{"start":{"line":42,"column":25},"end":{"line":42,"column":94}},"10":{"start":{"line":43,"column":6},"end":{"line":49,"column":8}},"11":{"start":{"line":51,"column":6},"end":{"line":51,"column":83}},"12":{"start":{"line":55,"column":2},"end":{"line":219,"column":3}},"13":{"start":{"line":57,"column":6},"end":{"line":64,"column":7}},"14":{"start":{"line":58,"column":8},"end":{"line":63,"column":10}},"15":{"start":{"line":65,"column":25},"end":{"line":65,"column":92}},"16":{"start":{"line":66,"column":6},"end":{"line":72,"column":8}},"17":{"start":{"line":76,"column":6},"end":{"line":83,"column":7}},"18":{"start":{"line":77,"column":8},"end":{"line":82,"column":10}},"19":{"start":{"line":84,"column":6},"end":{"line":84,"column":52}},"20":{"start":{"line":84,"column":39},"end":{"line":84,"column":52}},"21":{"start":{"line":85,"column":6},"end":{"line":89,"column":8}},"22":{"start":{"line":93,"column":19},"end":{"line":93,"column":45}},"23":{"start":{"line":95,"column":23},"end":{"line":95,"column":52}},"24":{"start":{"line":96,"column":6},"end":{"line":100,"column":8}},"25":{"start":{"line":104,"column":6},"end":{"line":109,"column":8}},"26":{"start":{"line":113,"column":6},"end":{"line":120,"column":7}},"27":{"start":{"line":114,"column":8},"end":{"line":119,"column":10}},"28":{"start":{"line":121,"column":6},"end":{"line":125,"column":8}},"29":{"start":{"line":129,"column":6},"end":{"line":129,"column":42}},"30":{"start":{"line":129,"column":29},"end":{"line":129,"column":42}},"31":{"start":{"line":130,"column":6},"end":{"line":147,"column":7}},"32":{"start":{"line":131,"column":23},"end":{"line":131,"column":66}},"33":{"start":{"line":132,"column":24},"end":{"line":132,"column":44}},"34":{"start":{"line":133,"column":8},"end":{"line":139,"column":10}},"35":{"start":{"line":141,"column":8},"end":{"line":146,"column":10}},"36":{"start":{"line":151,"column":6},"end":{"line":153,"column":7}},"37":{"start":{"line":152,"column":8},"end":{"line":152,"column":85}},"38":{"start":{"line":154,"column":6},"end":{"line":158,"column":8}},"39":{"start":{"line":162,"column":6},"end":{"line":162,"column":70}},"40":{"start":{"line":162,"column":57},"end":{"line":162,"column":70}},"41":{"start":{"line":163,"column":22},"end":{"line":165,"column":29}},"42":{"start":{"line":167,"column":22},"end":{"line":169,"column":26}},"43":{"start":{"line":170,"column":6},"end":{"line":170,"column":65}},"44":{"start":{"line":174,"column":6},"end":{"line":174,"column":80}},"45":{"start":{"line":178,"column":18},"end":{"line":178,"column":43}},"46":{"start":{"line":179,"column":6},"end":{"line":179,"column":35}},"47":{"start":{"line":179,"column":22},"end":{"line":179,"column":35}},"48":{"start":{"line":180,"column":18},"end":{"line":180,"column":27}},"49":{"start":{"line":181,"column":22},"end":{"line":181,"column":39}},"50":{"start":{"line":182,"column":6},"end":{"line":188,"column":8}},"51":{"start":{"line":192,"column":18},"end":{"line":192,"column":43}},"52":{"start":{"line":193,"column":6},"end":{"line":193,"column":67}},"53":{"start":{"line":197,"column":22},"end":{"line":197,"column":48}},"54":{"start":{"line":198,"column":6},"end":{"line":205,"column":8}},"55":{"start":{"line":209,"column":6},"end":{"line":209,"column":37}},"56":{"start":{"line":213,"column":18},"end":{"line":213,"column":43}},"57":{"start":{"line":214,"column":6},"end":{"line":214,"column":73}},"58":{"start":{"line":218,"column":6},"end":{"line":218,"column":19}},"59":{"start":{"line":223,"column":2},"end":{"line":223,"column":35}},"60":{"start":{"line":223,"column":20},"end":{"line":223,"column":35}},"61":{"start":{"line":225,"column":14},"end":{"line":225,"column":54}},"62":{"start":{"line":226,"column":2},"end":{"line":226,"column":13}},"63":{"start":{"line":230,"column":28},"end":{"line":230,"column":71}},"64":{"start":{"line":232,"column":22},"end":{"line":232,"column":99}},"65":{"start":{"line":232,"column":53},"end":{"line":232,"column":94}},"66":{"start":{"line":233,"column":25},"end":{"line":233,"column":111}},"67":{"start":{"line":233,"column":59},"end":{"line":233,"column":106}},"68":{"start":{"line":234,"column":25},"end":{"line":234,"column":103}},"69":{"start":{"line":234,"column":55},"end":{"line":234,"column":98}},"70":{"start":{"line":235,"column":25},"end":{"line":236,"column":63}},"71":{"start":{"line":236,"column":4},"end":{"line":236,"column":58}},"72":{"start":{"line":237,"column":18},"end":{"line":237,"column":70}},"73":{"start":{"line":237,"column":36},"end":{"line":237,"column":65}},"74":{"start":{"line":238,"column":17},"end":{"line":238,"column":68}},"75":{"start":{"line":238,"column":35},"end":{"line":238,"column":63}},"76":{"start":{"line":239,"column":16},"end":{"line":239,"column":66}},"77":{"start":{"line":239,"column":34},"end":{"line":239,"column":61}},"78":{"start":{"line":240,"column":20},"end":{"line":240,"column":74}},"79":{"start":{"line":240,"column":38},"end":{"line":240,"column":69}},"80":{"start":{"line":241,"column":21},"end":{"line":241,"column":77}},"81":{"start":{"line":241,"column":39},"end":{"line":241,"column":72}},"82":{"start":{"line":242,"column":26},"end":{"line":242,"column":88}},"83":{"start":{"line":242,"column":44},"end":{"line":242,"column":83}},"84":{"start":{"line":243,"column":18},"end":{"line":243,"column":70}},"85":{"start":{"line":243,"column":36},"end":{"line":243,"column":65}},"86":{"start":{"line":244,"column":22},"end":{"line":244,"column":79}},"87":{"start":{"line":244,"column":40},"end":{"line":244,"column":74}},"88":{"start":{"line":245,"column":23},"end":{"line":245,"column":81}},"89":{"start":{"line":245,"column":41},"end":{"line":245,"column":76}},"90":{"start":{"line":246,"column":22},"end":{"line":246,"column":79}},"91":{"start":{"line":246,"column":40},"end":{"line":246,"column":74}},"92":{"start":{"line":247,"column":20},"end":{"line":247,"column":75}},"93":{"start":{"line":247,"column":38},"end":{"line":247,"column":70}},"94":{"start":{"line":249,"column":2},"end":{"line":266,"column":4}}},"fnMap":{"0":{"name":"calculatorReducer","decl":{"start":{"line":31,"column":9},"end":{"line":31,"column":26}},"loc":{"start":{"line":31,"column":65},"end":{"line":220,"column":1}}},"1":{"name":"formatResult","decl":{"start":{"line":222,"column":9},"end":{"line":222,"column":21}},"loc":{"start":{"line":222,"column":31},"end":{"line":227,"column":1}}},"2":{"name":"useCalculator","decl":{"start":{"line":229,"column":16},"end":{"line":229,"column":29}},"loc":{"start":{"line":229,"column":29},"end":{"line":267,"column":1}}},"3":{"name":"(anonymous_3)","decl":{"start":{"line":232,"column":34},"end":{"line":232,"column":35}},"loc":{"start":{"line":232,"column":53},"end":{"line":232,"column":94}}},"4":{"name":"(anonymous_4)","decl":{"start":{"line":233,"column":37},"end":{"line":233,"column":38}},"loc":{"start":{"line":233,"column":59},"end":{"line":233,"column":106}}},"5":{"name":"(anonymous_5)","decl":{"start":{"line":234,"column":37},"end":{"line":234,"column":38}},"loc":{"start":{"line":234,"column":55},"end":{"line":234,"column":98}}},"6":{"name":"(anonymous_6)","decl":{"start":{"line":235,"column":37},"end":{"line":235,"column":38}},"loc":{"start":{"line":236,"column":4},"end":{"line":236,"column":58}}},"7":{"name":"(anonymous_7)","decl":{"start":{"line":237,"column":30},"end":{"line":237,"column":33}},"loc":{"start":{"line":237,"column":36},"end":{"line":237,"column":65}}},"8":{"name":"(anonymous_8)","decl":{"start":{"line":238,"column":29},"end":{"line":238,"column":32}},"loc":{"start":{"line":238,"column":35},"end":{"line":238,"column":63}}},"9":{"name":"(anonymous_9)","decl":{"start":{"line":239,"column":28},"end":{"line":239,"column":31}},"loc":{"start":{"line":239,"column":34},"end":{"line":239,"column":61}}},"10":{"name":"(anonymous_10)","decl":{"start":{"line":240,"column":32},"end":{"line":240,"column":35}},"loc":{"start":{"line":240,"column":38},"end":{"line":240,"column":69}}},"11":{"name":"(anonymous_11)","decl":{"start":{"line":241,"column":33},"end":{"line":241,"column":36}},"loc":{"start":{"line":241,"column":39},"end":{"line":241,"column":72}}},"12":{"name":"(anonymous_12)","decl":{"start":{"line":242,"column":38},"end":{"line":242,"column":41}},"loc":{"start":{"line":242,"column":44},"end":{"line":242,"column":83}}},"13":{"name":"(anonymous_13)","decl":{"start":{"line":243,"column":30},"end":{"line":243,"column":33}},"loc":{"start":{"line":243,"column":36},"end":{"line":243,"column":65}}},"14":{"name":"(anonymous_14)","decl":{"start":{"line":244,"column":34},"end":{"line":244,"column":37}},"loc":{"start":{"line":244,"column":40},"end":{"line":244,"column":74}}},"15":{"name":"(anonymous_15)","decl":{"start":{"line":245,"column":35},"end":{"line":245,"column":38}},"loc":{"start":{"line":245,"column":41},"end":{"line":245,"column":76}}},"16":{"name":"(anonymous_16)","decl":{"start":{"line":246,"column":34},"end":{"line":246,"column":37}},"loc":{"start":{"line":246,"column":40},"end":{"line":246,"column":74}}},"17":{"name":"(anonymous_17)","decl":{"start":{"line":247,"column":32},"end":{"line":247,"column":35}},"loc":{"start":{"line":247,"column":38},"end":{"line":247,"column":70}}}},"branchMap":{"0":{"loc":{"start":{"line":32,"column":2},"end":{"line":34,"column":3}},"type":"if","locations":[{"start":{"line":32,"column":2},"end":{"line":34,"column":3}}]},"1":{"loc":{"start":{"line":36,"column":2},"end":{"line":53,"column":3}},"type":"if","locations":[{"start":{"line":36,"column":2},"end":{"line":53,"column":3}}]},"2":{"loc":{"start":{"line":36,"column":6},"end":{"line":36,"column":58}},"type":"binary-expr","locations":[{"start":{"line":36,"column":6},"end":{"line":36,"column":19}},{"start":{"line":36,"column":23},"end":{"line":36,"column":58}}]},"3":{"loc":{"start":{"line":37,"column":4},"end":{"line":52,"column":5}},"type":"if","locations":[{"start":{"line":37,"column":4},"end":{"line":52,"column":5}},{"start":{"line":40,"column":11},"end":{"line":52,"column":5}}]},"4":{"loc":{"start":{"line":37,"column":8},"end":{"line":38,"column":70}},"type":"binary-expr","locations":[{"start":{"line":37,"column":8},"end":{"line":37,"column":39}},{"start":{"line":37,"column":43},"end":{"line":37,"column":73}},{"start":{"line":38,"column":8},"end":{"line":38,"column":38}},{"start":{"line":38,"column":42},"end":{"line":38,"column":70}}]},"5":{"loc":{"start":{"line":40,"column":11},"end":{"line":52,"column":5}},"type":"if","locations":[{"start":{"line":40,"column":11},"end":{"line":52,"column":5}},{"start":{"line":50,"column":11},"end":{"line":52,"column":5}}]},"6":{"loc":{"start":{"line":55,"column":2},"end":{"line":219,"column":3}},"type":"switch","locations":[{"start":{"line":56,"column":4},"end":{"line":73,"column":5}},{"start":{"line":75,"column":4},"end":{"line":90,"column":5}},{"start":{"line":92,"column":4},"end":{"line":101,"column":5}},{"start":{"line":103,"column":4},"end":{"line":110,"column":5}},{"start":{"line":112,"column":4},"end":{"line":126,"column":5}},{"start":{"line":128,"column":4},"end":{"line":148,"column":5}},{"start":{"line":150,"column":4},"end":{"line":159,"column":5}},{"start":{"line":161,"column":4},"end":{"line":171,"column":5}},{"start":{"line":173,"column":4},"end":{"line":175,"column":5}},{"start":{"line":177,"column":4},"end":{"line":189,"column":5}},{"start":{"line":191,"column":4},"end":{"line":194,"column":5}},{"start":{"line":196,"column":4},"end":{"line":206,"column":5}},{"start":{"line":208,"column":4},"end":{"line":210,"column":5}},{"start":{"line":212,"column":4},"end":{"line":215,"column":5}},{"start":{"line":217,"column":4},"end":{"line":218,"column":19}}]},"7":{"loc":{"start":{"line":57,"column":6},"end":{"line":64,"column":7}},"type":"if","locations":[{"start":{"line":57,"column":6},"end":{"line":64,"column":7}}]},"8":{"loc":{"start":{"line":65,"column":25},"end":{"line":65,"column":92}},"type":"cond-expr","locations":[{"start":{"line":65,"column":49},"end":{"line":65,"column":61}},{"start":{"line":65,"column":64},"end":{"line":65,"column":92}}]},"9":{"loc":{"start":{"line":69,"column":20},"end":{"line":71,"column":43}},"type":"cond-expr","locations":[{"start":{"line":70,"column":12},"end":{"line":70,"column":24}},{"start":{"line":71,"column":12},"end":{"line":71,"column":43}}]},"10":{"loc":{"start":{"line":69,"column":20},"end":{"line":69,"column":71}},"type":"binary-expr","locations":[{"start":{"line":69,"column":20},"end":{"line":69,"column":43}},{"start":{"line":69,"column":47},"end":{"line":69,"column":71}}]},"11":{"loc":{"start":{"line":76,"column":6},"end":{"line":83,"column":7}},"type":"if","locations":[{"start":{"line":76,"column":6},"end":{"line":83,"column":7}}]},"12":{"loc":{"start":{"line":84,"column":6},"end":{"line":84,"column":52}},"type":"if","locations":[{"start":{"line":84,"column":6},"end":{"line":84,"column":52}}]},"13":{"loc":{"start":{"line":113,"column":6},"end":{"line":120,"column":7}},"type":"if","locations":[{"start":{"line":113,"column":6},"end":{"line":120,"column":7}}]},"14":{"loc":{"start":{"line":129,"column":6},"end":{"line":129,"column":42}},"type":"if","locations":[{"start":{"line":129,"column":6},"end":{"line":129,"column":42}}]},"15":{"loc":{"start":{"line":143,"column":19},"end":{"line":143,"column":63}},"type":"cond-expr","locations":[{"start":{"line":143,"column":42},"end":{"line":143,"column":53}},{"start":{"line":143,"column":56},"end":{"line":143,"column":63}}]},"16":{"loc":{"start":{"line":151,"column":6},"end":{"line":153,"column":7}},"type":"if","locations":[{"start":{"line":151,"column":6},"end":{"line":153,"column":7}}]},"17":{"loc":{"start":{"line":151,"column":10},"end":{"line":151,"column":62}},"type":"binary-expr","locations":[{"start":{"line":151,"column":10},"end":{"line":151,"column":33}},{"start":{"line":151,"column":37},"end":{"line":151,"column":62}}]},"18":{"loc":{"start":{"line":162,"column":6},"end":{"line":162,"column":70}},"type":"if","locations":[{"start":{"line":162,"column":6},"end":{"line":162,"column":70}}]},"19":{"loc":{"start":{"line":162,"column":10},"end":{"line":162,"column":55}},"type":"binary-expr","locations":[{"start":{"line":162,"column":10},"end":{"line":162,"column":31}},{"start":{"line":162,"column":35},"end":{"line":162,"column":55}}]},"20":{"loc":{"start":{"line":163,"column":22},"end":{"line":165,"column":29}},"type":"cond-expr","locations":[{"start":{"line":164,"column":10},"end":{"line":164,"column":32}},{"start":{"line":165,"column":10},"end":{"line":165,"column":29}}]},"21":{"loc":{"start":{"line":167,"column":22},"end":{"line":169,"column":26}},"type":"cond-expr","locations":[{"start":{"line":168,"column":10},"end":{"line":168,"column":68}},{"start":{"line":169,"column":10},"end":{"line":169,"column":26}}]},"22":{"loc":{"start":{"line":174,"column":36},"end":{"line":174,"column":77}},"type":"cond-expr","locations":[{"start":{"line":174,"column":64},"end":{"line":174,"column":69}},{"start":{"line":174,"column":72},"end":{"line":174,"column":77}}]},"23":{"loc":{"start":{"line":179,"column":6},"end":{"line":179,"column":35}},"type":"if","locations":[{"start":{"line":179,"column":6},"end":{"line":179,"column":35}}]},"24":{"loc":{"start":{"line":185,"column":20},"end":{"line":187,"column":19}},"type":"cond-expr","locations":[{"start":{"line":186,"column":12},"end":{"line":186,"column":70}},{"start":{"line":187,"column":12},"end":{"line":187,"column":19}}]},"25":{"loc":{"start":{"line":193,"column":33},"end":{"line":193,"column":64}},"type":"cond-expr","locations":[{"start":{"line":193,"column":46},"end":{"line":193,"column":58}},{"start":{"line":193,"column":61},"end":{"line":193,"column":64}}]},"26":{"loc":{"start":{"line":201,"column":20},"end":{"line":203,"column":19}},"type":"cond-expr","locations":[{"start":{"line":202,"column":12},"end":{"line":202,"column":38}},{"start":{"line":203,"column":12},"end":{"line":203,"column":19}}]},"27":{"loc":{"start":{"line":214,"column":49},"end":{"line":214,"column":69}},"type":"cond-expr","locations":[{"start":{"line":214,"column":62},"end":{"line":214,"column":63}},{"start":{"line":214,"column":66},"end":{"line":214,"column":69}}]},"28":{"loc":{"start":{"line":223,"column":2},"end":{"line":223,"column":35}},"type":"if","locations":[{"start":{"line":223,"column":2},"end":{"line":223,"column":35}}]}},"s":{"0":1,"1":1,"2":1,"3":1,"4":55,"5":3,"6":52,"7":1,"8":1,"9":1,"10":1,"11":0,"12":51,"13":27,"14":4,"15":23,"16":23,"17":2,"18":0,"19":2,"20":1,"21":1,"22":4,"23":4,"24":4,"25":1,"26":0,"27":0,"28":0,"29":4,"30":0,"31":4,"32":4,"33":2,"34":2,"35":2,"36":1,"37":0,"38":1,"39":3,"40":0,"41":3,"42":3,"43":3,"44":2,"45":1,"46":1,"47":0,"48":1,"49":1,"50":1,"51":3,"52":3,"53":1,"54":1,"55":1,"56":1,"57":1,"58":0,"59":4,"60":0,"61":4,"62":4,"63":73,"64":73,"65":28,"66":73,"67":4,"68":73,"69":1,"70":73,"71":0,"72":73,"73":2,"74":73,"75":4,"76":73,"77":3,"78":73,"79":1,"80":73,"81":3,"82":73,"83":2,"84":73,"85":1,"86":73,"87":3,"88":73,"89":1,"90":73,"91":1,"92":73,"93":1,"94":73},"f":{"0":55,"1":4,"2":73,"3":28,"4":4,"5":1,"6":0,"7":2,"8":4,"9":3,"10":1,"11":3,"12":2,"13":1,"14":3,"15":1,"16":1,"17":1},"b":{"0":[3],"1":[1],"2":[52,1],"3":[0,1],"4":[1,1,1,1],"5":[1,0],"6":[27,2,4,1,0,4,1,3,2,1,3,1,1,1,0],"7":[4],"8":[16,7],"9":[16,7],"10":[23,7],"11":[0],"12":[1],"13":[0],"14":[0],"15":[2,0],"16":[0],"17":[1,1],"18":[0],"19":[3,3],"20":[1,2],"21":[3,0],"22":[1,1],"23":[0],"24":[1,0],"25":[0,3],"26":[0,1],"27":[0,1],"28":[0]}}
,"/private/var/folders/hr/vz_7_szx39s7_vd6kz8152ww0000gn/T/agentws_me6z9m8n/src/hooks/useKeyboardInput.ts": {"path":"/private/var/folders/hr/vz_7_szx39s7_vd6kz8152ww0000gn/T/agentws_me6z9m8n/src/hooks/useKeyboardInput.ts","statementMap":{"0":{"start":{"line":13,"column":0},"end":{"line":13,"column":16}},"1":{"start":{"line":1,"column":0},"end":{"line":1,"column":47}},"2":{"start":{"line":17,"column":86},"end":{"line":17,"column":95}},"3":{"start":{"line":19,"column":24},"end":{"line":36,"column":null}},"4":{"start":{"line":21,"column":6},"end":{"line":21,"column":27}},"5":{"start":{"line":21,"column":20},"end":{"line":21,"column":27}},"6":{"start":{"line":22,"column":6},"end":{"line":22,"column":53}},"7":{"start":{"line":22,"column":46},"end":{"line":22,"column":53}},"8":{"start":{"line":23,"column":18},"end":{"line":23,"column":23}},"9":{"start":{"line":24,"column":6},"end":{"line":34,"column":38}},"10":{"start":{"line":24,"column":36},"end":{"line":24,"column":53}},"11":{"start":{"line":25,"column":11},"end":{"line":34,"column":38}},"12":{"start":{"line":25,"column":28},"end":{"line":25,"column":38}},"13":{"start":{"line":26,"column":11},"end":{"line":34,"column":38}},"14":{"start":{"line":26,"column":28},"end":{"line":26,"column":48}},"15":{"start":{"line":27,"column":11},"end":{"line":34,"column":38}},"16":{"start":{"line":27,"column":28},"end":{"line":27,"column":48}},"17":{"start":{"line":28,"column":11},"end":{"line":34,"column":38}},"18":{"start":{"line":28,"column":28},"end":{"line":28,"column":48}},"19":{"start":{"line":29,"column":11},"end":{"line":34,"column":38}},"20":{"start":{"line":29,"column":30},"end":{"line":29,"column":49}},"21":{"start":{"line":29,"column":50},"end":{"line":29,"column":70}},"22":{"start":{"line":30,"column":11},"end":{"line":34,"column":38}},"23":{"start":{"line":30,"column":28},"end":{"line":30,"column":48}},"24":{"start":{"line":31,"column":11},"end":{"line":34,"column":38}},"25":{"start":{"line":31,"column":47},"end":{"line":31,"column":56}},"26":{"start":{"line":32,"column":11},"end":{"line":34,"column":38}},"27":{"start":{"line":32,"column":36},"end":{"line":32,"column":48}},"28":{"start":{"line":33,"column":11},"end":{"line":34,"column":38}},"29":{"start":{"line":33,"column":33},"end":{"line":33,"column":41}},"30":{"start":{"line":34,"column":11},"end":{"line":34,"column":38}},"31":{"start":{"line":34,"column":28},"end":{"line":34,"column":38}},"32":{"start":{"line":39,"column":2},"end":{"line":42,"column":22}},"33":{"start":{"line":40,"column":4},"end":{"line":40,"column":54}},"34":{"start":{"line":41,"column":4},"end":{"line":41,"column":70}},"35":{"start":{"line":41,"column":17},"end":{"line":41,"column":69}}},"fnMap":{"0":{"name":"useKeyboardInput","decl":{"start":{"line":13,"column":16},"end":{"line":13,"column":32}},"loc":{"start":{"line":15,"column":25},"end":{"line":43,"column":1}}},"1":{"name":"(anonymous_1)","decl":{"start":{"line":20,"column":4},"end":{"line":20,"column":5}},"loc":{"start":{"line":20,"column":25},"end":{"line":35,"column":5}}},"2":{"name":"(anonymous_2)","decl":{"start":{"line":39,"column":12},"end":{"line":39,"column":15}},"loc":{"start":{"line":39,"column":17},"end":{"line":42,"column":3}}},"3":{"name":"(anonymous_3)","decl":{"start":{"line":41,"column":11},"end":{"line":41,"column":14}},"loc":{"start":{"line":41,"column":17},"end":{"line":41,"column":69}}}},"branchMap":{"0":{"loc":{"start":{"line":15,"column":2},"end":{"line":15,"column":25}},"type":"default-arg","locations":[{"start":{"line":15,"column":21},"end":{"line":15,"column":25}}]},"1":{"loc":{"start":{"line":21,"column":6},"end":{"line":21,"column":27}},"type":"if","locations":[{"start":{"line":21,"column":6},"end":{"line":21,"column":27}}]},"2":{"loc":{"start":{"line":22,"column":6},"end":{"line":22,"column":53}},"type":"if","locations":[{"start":{"line":22,"column":6},"end":{"line":22,"column":53}}]},"3":{"loc":{"start":{"line":22,"column":10},"end":{"line":22,"column":44}},"type":"binary-expr","locations":[{"start":{"line":22,"column":10},"end":{"line":22,"column":19}},{"start":{"line":22,"column":23},"end":{"line":22,"column":32}},{"start":{"line":22,"column":36},"end":{"line":22,"column":44}}]},"4":{"loc":{"start":{"line":24,"column":6},"end":{"line":34,"column":38}},"type":"if","locations":[{"start":{"line":24,"column":6},"end":{"line":34,"column":38}},{"start":{"line":25,"column":11},"end":{"line":34,"column":38}}]},"5":{"loc":{"start":{"line":24,"column":10},"end":{"line":24,"column":34}},"type":"binary-expr","locations":[{"start":{"line":24,"column":10},"end":{"line":24,"column":20}},{"start":{"line":24,"column":24},"end":{"line":24,"column":34}}]},"6":{"loc":{"start":{"line":25,"column":11},"end":{"line":34,"column":38}},"type":"if","locations":[{"start":{"line":25,"column":11},"end":{"line":34,"column":38}},{"start":{"line":26,"column":11},"end":{"line":34,"column":38}}]},"7":{"loc":{"start":{"line":26,"column":11},"end":{"line":34,"column":38}},"type":"if","locations":[{"start":{"line":26,"column":11},"end":{"line":34,"column":38}},{"start":{"line":27,"column":11},"end":{"line":34,"column":38}}]},"8":{"loc":{"start":{"line":27,"column":11},"end":{"line":34,"column":38}},"type":"if","locations":[{"start":{"line":27,"column":11},"end":{"line":34,"column":38}},{"start":{"line":28,"column":11},"end":{"line":34,"column":38}}]},"9":{"loc":{"start":{"line":28,"column":11},"end":{"line":34,"column":38}},"type":"if","locations":[{"start":{"line":28,"column":11},"end":{"line":34,"column":38}},{"start":{"line":29,"column":11},"end":{"line":34,"column":38}}]},"10":{"loc":{"start":{"line":29,"column":11},"end":{"line":34,"column":38}},"type":"if","locations":[{"start":{"line":29,"column":11},"end":{"line":34,"column":38}},{"start":{"line":30,"column":11},"end":{"line":34,"column":38}}]},"11":{"loc":{"start":{"line":30,"column":11},"end":{"line":34,"column":38}},"type":"if","locations":[{"start":{"line":30,"column":11},"end":{"line":34,"column":38}},{"start":{"line":31,"column":11},"end":{"line":34,"column":38}}]},"12":{"loc":{"start":{"line":31,"column":11},"end":{"line":34,"column":38}},"type":"if","locations":[{"start":{"line":31,"column":11},"end":{"line":34,"column":38}},{"start":{"line":32,"column":11},"end":{"line":34,"column":38}}]},"13":{"loc":{"start":{"line":31,"column":15},"end":{"line":31,"column":45}},"type":"binary-expr","locations":[{"start":{"line":31,"column":15},"end":{"line":31,"column":30}},{"start":{"line":31,"column":34},"end":{"line":31,"column":45}}]},"14":{"loc":{"start":{"line":32,"column":11},"end":{"line":34,"column":38}},"type":"if","locations":[{"start":{"line":32,"column":11},"end":{"line":34,"column":38}},{"start":{"line":33,"column":11},"end":{"line":34,"column":38}}]},"15":{"loc":{"start":{"line":33,"column":11},"end":{"line":34,"column":38}},"type":"if","locations":[{"start":{"line":33,"column":11},"end":{"line":34,"column":38}},{"start":{"line":34,"column":11},"end":{"line":34,"column":38}}]},"16":{"loc":{"start":{"line":34,"column":11},"end":{"line":34,"column":38}},"type":"if","locations":[{"start":{"line":34,"column":11},"end":{"line":34,"column":38}}]}},"s":{"0":1,"1":1,"2":19,"3":19,"4":31,"5":3,"6":28,"7":3,"8":25,"9":25,"10":11,"11":14,"12":1,"13":13,"14":1,"15":12,"16":1,"17":11,"18":1,"19":10,"20":1,"21":1,"22":9,"23":1,"24":8,"25":2,"26":6,"27":1,"28":5,"29":1,"30":4,"31":1,"32":19,"33":19,"34":19,"35":19},"f":{"0":19,"1":31,"2":19,"3":19},"b":{"0":[18],"1":[3],"2":[3],"3":[28,27,26],"4":[11,14],"5":[25,19],"6":[1,13],"7":[1,12],"8":[1,11],"9":[1,10],"10":[1,9],"11":[1,8],"12":[2,6],"13":[8,7],"14":[1,5],"15":[1,4],"16":[1]}}
,"/private/var/folders/hr/vz_7_szx39s7_vd6kz8152ww0000gn/T/agentws_me6z9m8n/src/utils/mathEngine.ts": {"path":"/private/var/folders/hr/vz_7_szx39s7_vd6kz8152ww0000gn/T/agentws_me6z9m8n/src/utils/mathEngine.ts","statementMap":{"0":{"start":{"line":6,"column":0},"end":{"line":6,"column":16}},"1":{"start":{"line":13,"column":0},"end":{"line":13,"column":16}},"2":{"start":{"line":22,"column":0},"end":{"line":22,"column":16}},"3":{"start":{"line":208,"column":0},"end":{"line":208,"column":16}},"4":{"start":{"line":7,"column":2},"end":{"line":7,"column":31}},"5":{"start":{"line":14,"column":2},"end":{"line":14,"column":31}},"6":{"start":{"line":23,"column":2},"end":{"line":25,"column":3}},"7":{"start":{"line":24,"column":4},"end":{"line":24,"column":40}},"8":{"start":{"line":28,"column":20},"end":{"line":31,"column":38}},"9":{"start":{"line":33,"column":17},"end":{"line":33,"column":54}},"10":{"start":{"line":35,"column":2},"end":{"line":37,"column":3}},"11":{"start":{"line":36,"column":4},"end":{"line":36,"column":44}},"12":{"start":{"line":39,"column":2},"end":{"line":39,"column":16}},"13":{"start":{"line":51,"column":29},"end":{"line":51,"column":57}},"14":{"start":{"line":52,"column":17},"end":{"line":52,"column":35}},"15":{"start":{"line":53,"column":2},"end":{"line":55,"column":3}},"16":{"start":{"line":54,"column":4},"end":{"line":54,"column":94}},"17":{"start":{"line":56,"column":2},"end":{"line":56,"column":16}},"18":{"start":{"line":60,"column":13},"end":{"line":60,"column":31}},"19":{"start":{"line":61,"column":2},"end":{"line":72,"column":3}},"20":{"start":{"line":62,"column":15},"end":{"line":62,"column":37}},"21":{"start":{"line":63,"column":4},"end":{"line":71,"column":5}},"22":{"start":{"line":64,"column":6},"end":{"line":64,"column":18}},"23":{"start":{"line":65,"column":6},"end":{"line":65,"column":33}},"24":{"start":{"line":66,"column":11},"end":{"line":71,"column":5}},"25":{"start":{"line":67,"column":6},"end":{"line":67,"column":18}},"26":{"start":{"line":68,"column":6},"end":{"line":68,"column":33}},"27":{"start":{"line":70,"column":6},"end":{"line":70,"column":12}},"28":{"start":{"line":73,"column":2},"end":{"line":73,"column":14}},"29":{"start":{"line":77,"column":13},"end":{"line":77,"column":30}},"30":{"start":{"line":78,"column":2},"end":{"line":91,"column":3}},"31":{"start":{"line":79,"column":15},"end":{"line":79,"column":37}},"32":{"start":{"line":80,"column":4},"end":{"line":90,"column":5}},"33":{"start":{"line":81,"column":6},"end":{"line":81,"column":18}},"34":{"start":{"line":82,"column":6},"end":{"line":82,"column":32}},"35":{"start":{"line":83,"column":11},"end":{"line":90,"column":5}},"36":{"start":{"line":84,"column":6},"end":{"line":84,"column":18}},"37":{"start":{"line":85,"column":22},"end":{"line":85,"column":39}},"38":{"start":{"line":86,"column":6},"end":{"line":86,"column":61}},"39":{"start":{"line":86,"column":25},"end":{"line":86,"column":61}},"40":{"start":{"line":87,"column":6},"end":{"line":87,"column":22}},"41":{"start":{"line":89,"column":6},"end":{"line":89,"column":12}},"42":{"start":{"line":92,"column":2},"end":{"line":92,"column":14}},"43":{"start":{"line":96,"column":15},"end":{"line":96,"column":32}},"44":{"start":{"line":97,"column":2},"end":{"line":101,"column":3}},"45":{"start":{"line":98,"column":4},"end":{"line":98,"column":16}},"46":{"start":{"line":99,"column":16},"end":{"line":99,"column":33}},"47":{"start":{"line":100,"column":4},"end":{"line":100,"column":31}},"48":{"start":{"line":102,"column":2},"end":{"line":102,"column":14}},"49":{"start":{"line":106,"column":2},"end":{"line":109,"column":3}},"50":{"start":{"line":107,"column":4},"end":{"line":107,"column":16}},"51":{"start":{"line":108,"column":4},"end":{"line":108,"column":32}},"52":{"start":{"line":110,"column":2},"end":{"line":112,"column":3}},"53":{"start":{"line":111,"column":4},"end":{"line":111,"column":16}},"54":{"start":{"line":113,"column":2},"end":{"line":113,"column":29}},"55":{"start":{"line":117,"column":14},"end":{"line":117,"column":33}},"56":{"start":{"line":118,"column":2},"end":{"line":121,"column":3}},"57":{"start":{"line":119,"column":4},"end":{"line":119,"column":16}},"58":{"start":{"line":120,"column":4},"end":{"line":120,"column":29}},"59":{"start":{"line":122,"column":2},"end":{"line":122,"column":15}},"60":{"start":{"line":127,"column":2},"end":{"line":135,"column":3}},"61":{"start":{"line":128,"column":4},"end":{"line":128,"column":16}},"62":{"start":{"line":129,"column":18},"end":{"line":129,"column":36}},"63":{"start":{"line":130,"column":4},"end":{"line":132,"column":5}},"64":{"start":{"line":131,"column":6},"end":{"line":131,"column":53}},"65":{"start":{"line":133,"column":4},"end":{"line":133,"column":16}},"66":{"start":{"line":134,"column":4},"end":{"line":134,"column":17}},"67":{"start":{"line":138,"column":20},"end":{"line":139,"column":null}},"68":{"start":{"line":141,"column":2},"end":{"line":154,"column":3}},"69":{"start":{"line":142,"column":21},"end":{"line":142,"column":33}},"70":{"start":{"line":143,"column":4},"end":{"line":143,"column":33}},"71":{"start":{"line":144,"column":4},"end":{"line":146,"column":5}},"72":{"start":{"line":145,"column":6},"end":{"line":145,"column":65}},"73":{"start":{"line":147,"column":4},"end":{"line":147,"column":16}},"74":{"start":{"line":148,"column":16},"end":{"line":148,"column":34}},"75":{"start":{"line":149,"column":4},"end":{"line":151,"column":5}},"76":{"start":{"line":150,"column":6},"end":{"line":150,"column":69}},"77":{"start":{"line":152,"column":4},"end":{"line":152,"column":16}},"78":{"start":{"line":153,"column":4},"end":{"line":153,"column":57}},"79":{"start":{"line":157,"column":19},"end":{"line":157,"column":93}},"80":{"start":{"line":158,"column":2},"end":{"line":161,"column":3}},"81":{"start":{"line":159,"column":4},"end":{"line":159,"column":36}},"82":{"start":{"line":160,"column":4},"end":{"line":160,"column":35}},"83":{"start":{"line":163,"column":2},"end":{"line":163,"column":96}},"84":{"start":{"line":167,"column":18},"end":{"line":167,"column":69}},"85":{"start":{"line":167,"column":34},"end":{"line":167,"column":68}},"86":{"start":{"line":168,"column":20},"end":{"line":168,"column":71}},"87":{"start":{"line":168,"column":36},"end":{"line":168,"column":70}},"88":{"start":{"line":170,"column":2},"end":{"line":205,"column":3}},"89":{"start":{"line":172,"column":6},"end":{"line":172,"column":69}},"90":{"start":{"line":172,"column":19},"end":{"line":172,"column":69}},"91":{"start":{"line":173,"column":6},"end":{"line":173,"column":28}},"92":{"start":{"line":177,"column":6},"end":{"line":177,"column":72}},"93":{"start":{"line":177,"column":20},"end":{"line":177,"column":72}},"94":{"start":{"line":178,"column":6},"end":{"line":178,"column":29}},"95":{"start":{"line":181,"column":6},"end":{"line":181,"column":72}},"96":{"start":{"line":181,"column":20},"end":{"line":181,"column":72}},"97":{"start":{"line":182,"column":6},"end":{"line":182,"column":28}},"98":{"start":{"line":185,"column":6},"end":{"line":185,"column":72}},"99":{"start":{"line":185,"column":20},"end":{"line":185,"column":72}},"100":{"start":{"line":186,"column":6},"end":{"line":186,"column":27}},"101":{"start":{"line":188,"column":16},"end":{"line":188,"column":46}},"102":{"start":{"line":189,"column":16},"end":{"line":189,"column":46}},"103":{"start":{"line":190,"column":16},"end":{"line":190,"column":46}},"104":{"start":{"line":192,"column":6},"end":{"line":192,"column":68}},"105":{"start":{"line":192,"column":31},"end":{"line":192,"column":68}},"106":{"start":{"line":193,"column":6},"end":{"line":193,"column":39}},"107":{"start":{"line":196,"column":6},"end":{"line":196,"column":68}},"108":{"start":{"line":196,"column":31},"end":{"line":196,"column":68}},"109":{"start":{"line":197,"column":6},"end":{"line":197,"column":39}},"110":{"start":{"line":199,"column":17},"end":{"line":199,"column":50}},"111":{"start":{"line":200,"column":16},"end":{"line":200,"column":37}},"112":{"start":{"line":201,"column":17},"end":{"line":201,"column":39}},"113":{"start":{"line":202,"column":18},"end":{"line":202,"column":41}},"114":{"start":{"line":203,"column":18},"end":{"line":203,"column":41}},"115":{"start":{"line":204,"column":13},"end":{"line":204,"column":58}},"116":{"start":{"line":209,"column":2},"end":{"line":211,"column":3}},"117":{"start":{"line":210,"column":4},"end":{"line":210,"column":75}},"118":{"start":{"line":212,"column":2},"end":{"line":212,"column":53}},"119":{"start":{"line":212,"column":15},"end":{"line":212,"column":53}},"120":{"start":{"line":213,"column":2},"end":{"line":213,"column":35}},"121":{"start":{"line":213,"column":26},"end":{"line":213,"column":35}},"122":{"start":{"line":214,"column":15},"end":{"line":214,"column":16}},"123":{"start":{"line":215,"column":2},"end":{"line":217,"column":3}},"124":{"start":{"line":215,"column":15},"end":{"line":215,"column":16}},"125":{"start":{"line":216,"column":4},"end":{"line":216,"column":16}},"126":{"start":{"line":218,"column":2},"end":{"line":218,"column":16}}},"fnMap":{"0":{"name":"toRad","decl":{"start":{"line":6,"column":16},"end":{"line":6,"column":21}},"loc":{"start":{"line":6,"column":33},"end":{"line":8,"column":1}}},"1":{"name":"toDeg","decl":{"start":{"line":13,"column":16},"end":{"line":13,"column":21}},"loc":{"start":{"line":13,"column":33},"end":{"line":15,"column":1}}},"2":{"name":"evaluate","decl":{"start":{"line":22,"column":16},"end":{"line":22,"column":24}},"loc":{"start":{"line":22,"column":65},"end":{"line":40,"column":1}}},"3":{"name":"parseExpression","decl":{"start":{"line":50,"column":9},"end":{"line":50,"column":24}},"loc":{"start":{"line":50,"column":60},"end":{"line":57,"column":1}}},"4":{"name":"parseAddSub","decl":{"start":{"line":59,"column":9},"end":{"line":59,"column":20}},"loc":{"start":{"line":59,"column":39},"end":{"line":74,"column":1}}},"5":{"name":"parseMulDiv","decl":{"start":{"line":76,"column":9},"end":{"line":76,"column":20}},"loc":{"start":{"line":76,"column":39},"end":{"line":93,"column":1}}},"6":{"name":"parsePower","decl":{"start":{"line":95,"column":9},"end":{"line":95,"column":19}},"loc":{"start":{"line":95,"column":38},"end":{"line":103,"column":1}}},"7":{"name":"parseUnary","decl":{"start":{"line":105,"column":9},"end":{"line":105,"column":19}},"loc":{"start":{"line":105,"column":38},"end":{"line":114,"column":1}}},"8":{"name":"parsePostfix","decl":{"start":{"line":116,"column":9},"end":{"line":116,"column":21}},"loc":{"start":{"line":116,"column":40},"end":{"line":123,"column":1}}},"9":{"name":"parsePrimary","decl":{"start":{"line":125,"column":9},"end":{"line":125,"column":21}},"loc":{"start":{"line":125,"column":40},"end":{"line":164,"column":1}}},"10":{"name":"applyFunction","decl":{"start":{"line":166,"column":9},"end":{"line":166,"column":22}},"loc":{"start":{"line":166,"column":70},"end":{"line":206,"column":1}}},"11":{"name":"(anonymous_11)","decl":{"start":{"line":167,"column":18},"end":{"line":167,"column":19}},"loc":{"start":{"line":167,"column":34},"end":{"line":167,"column":68}}},"12":{"name":"(anonymous_12)","decl":{"start":{"line":168,"column":20},"end":{"line":168,"column":21}},"loc":{"start":{"line":168,"column":36},"end":{"line":168,"column":70}}},"13":{"name":"factorial","decl":{"start":{"line":208,"column":16},"end":{"line":208,"column":25}},"loc":{"start":{"line":208,"column":35},"end":{"line":219,"column":1}}}},"branchMap":{"0":{"loc":{"start":{"line":23,"column":2},"end":{"line":25,"column":3}},"type":"if","locations":[{"start":{"line":23,"column":2},"end":{"line":25,"column":3}}]},"1":{"loc":{"start":{"line":23,"column":6},"end":{"line":23,"column":45}},"type":"binary-expr","locations":[{"start":{"line":23,"column":6},"end":{"line":23,"column":17}},{"start":{"line":23,"column":21},"end":{"line":23,"column":45}}]},"2":{"loc":{"start":{"line":35,"column":2},"end":{"line":37,"column":3}},"type":"if","locations":[{"start":{"line":35,"column":2},"end":{"line":37,"column":3}}]},"3":{"loc":{"start":{"line":53,"column":2},"end":{"line":55,"column":3}},"type":"if","locations":[{"start":{"line":53,"column":2},"end":{"line":55,"column":3}}]},"4":{"loc":{"start":{"line":63,"column":4},"end":{"line":71,"column":5}},"type":"if","locations":[{"start":{"line":63,"column":4},"end":{"line":71,"column":5}},{"start":{"line":66,"column":11},"end":{"line":71,"column":5}}]},"5":{"loc":{"start":{"line":66,"column":11},"end":{"line":71,"column":5}},"type":"if","locations":[{"start":{"line":66,"column":11},"end":{"line":71,"column":5}},{"start":{"line":69,"column":11},"end":{"line":71,"column":5}}]},"6":{"loc":{"start":{"line":80,"column":4},"end":{"line":90,"column":5}},"type":"if","locations":[{"start":{"line":80,"column":4},"end":{"line":90,"column":5}},{"start":{"line":83,"column":11},"end":{"line":90,"column":5}}]},"7":{"loc":{"start":{"line":83,"column":11},"end":{"line":90,"column":5}},"type":"if","locations":[{"start":{"line":83,"column":11},"end":{"line":90,"column":5}},{"start":{"line":88,"column":11},"end":{"line":90,"column":5}}]},"8":{"loc":{"start":{"line":86,"column":6},"end":{"line":86,"column":61}},"type":"if","locations":[{"start":{"line":86,"column":6},"end":{"line":86,"column":61}}]},"9":{"loc":{"start":{"line":97,"column":2},"end":{"line":101,"column":3}},"type":"if","locations":[{"start":{"line":97,"column":2},"end":{"line":101,"column":3}}]},"10":{"loc":{"start":{"line":97,"column":6},"end":{"line":97,"column":70}},"type":"binary-expr","locations":[{"start":{"line":97,"column":6},"end":{"line":97,"column":36}},{"start":{"line":97,"column":40},"end":{"line":97,"column":70}}]},"11":{"loc":{"start":{"line":106,"column":2},"end":{"line":109,"column":3}},"type":"if","locations":[{"start":{"line":106,"column":2},"end":{"line":109,"column":3}}]},"12":{"loc":{"start":{"line":106,"column":6},"end":{"line":106,"column":70}},"type":"binary-expr","locations":[{"start":{"line":106,"column":6},"end":{"line":106,"column":36}},{"start":{"line":106,"column":40},"end":{"line":106,"column":70}}]},"13":{"loc":{"start":{"line":110,"column":2},"end":{"line":112,"column":3}},"type":"if","locations":[{"start":{"line":110,"column":2},"end":{"line":112,"column":3}}]},"14":{"loc":{"start":{"line":110,"column":6},"end":{"line":110,"column":70}},"type":"binary-expr","locations":[{"start":{"line":110,"column":6},"end":{"line":110,"column":36}},{"start":{"line":110,"column":40},"end":{"line":110,"column":70}}]},"15":{"loc":{"start":{"line":118,"column":9},"end":{"line":118,"column":73}},"type":"binary-expr","locations":[{"start":{"line":118,"column":9},"end":{"line":118,"column":39}},{"start":{"line":118,"column":43},"end":{"line":118,"column":73}}]},"16":{"loc":{"start":{"line":127,"column":2},"end":{"line":135,"column":3}},"type":"if","locations":[{"start":{"line":127,"column":2},"end":{"line":135,"column":3}}]},"17":{"loc":{"start":{"line":130,"column":4},"end":{"line":132,"column":5}},"type":"if","locations":[{"start":{"line":130,"column":4},"end":{"line":132,"column":5}}]},"18":{"loc":{"start":{"line":141,"column":2},"end":{"line":154,"column":3}},"type":"if","locations":[{"start":{"line":141,"column":2},"end":{"line":154,"column":3}}]},"19":{"loc":{"start":{"line":144,"column":4},"end":{"line":146,"column":5}},"type":"if","locations":[{"start":{"line":144,"column":4},"end":{"line":146,"column":5}}]},"20":{"loc":{"start":{"line":149,"column":4},"end":{"line":151,"column":5}},"type":"if","locations":[{"start":{"line":149,"column":4},"end":{"line":151,"column":5}}]},"21":{"loc":{"start":{"line":158,"column":2},"end":{"line":161,"column":3}},"type":"if","locations":[{"start":{"line":158,"column":2},"end":{"line":161,"column":3}}]},"22":{"loc":{"start":{"line":167,"column":34},"end":{"line":167,"column":68}},"type":"cond-expr","locations":[{"start":{"line":167,"column":56},"end":{"line":167,"column":64}},{"start":{"line":167,"column":67},"end":{"line":167,"column":68}}]},"23":{"loc":{"start":{"line":168,"column":36},"end":{"line":168,"column":70}},"type":"cond-expr","locations":[{"start":{"line":168,"column":58},"end":{"line":168,"column":66}},{"start":{"line":168,"column":69},"end":{"line":168,"column":70}}]},"24":{"loc":{"start":{"line":170,"column":2},"end":{"line":205,"column":3}},"type":"switch","locations":[{"start":{"line":171,"column":4},"end":{"line":174,"column":5}},{"start":{"line":175,"column":4},"end":{"line":175,"column":15}},{"start":{"line":176,"column":4},"end":{"line":179,"column":5}},{"start":{"line":180,"column":4},"end":{"line":183,"column":5}},{"start":{"line":184,"column":4},"end":{"line":187,"column":5}},{"start":{"line":188,"column":4},"end":{"line":188,"column":46}},{"start":{"line":189,"column":4},"end":{"line":189,"column":46}},{"start":{"line":190,"column":4},"end":{"line":190,"column":46}},{"start":{"line":191,"column":4},"end":{"line":194,"column":5}},{"start":{"line":195,"column":4},"end":{"line":198,"column":5}},{"start":{"line":199,"column":4},"end":{"line":199,"column":50}},{"start":{"line":200,"column":4},"end":{"line":200,"column":37}},{"start":{"line":201,"column":4},"end":{"line":201,"column":39}},{"start":{"line":202,"column":4},"end":{"line":202,"column":41}},{"start":{"line":203,"column":4},"end":{"line":203,"column":41}},{"start":{"line":204,"column":4},"end":{"line":204,"column":58}}]},"25":{"loc":{"start":{"line":172,"column":6},"end":{"line":172,"column":69}},"type":"if","locations":[{"start":{"line":172,"column":6},"end":{"line":172,"column":69}}]},"26":{"loc":{"start":{"line":177,"column":6},"end":{"line":177,"column":72}},"type":"if","locations":[{"start":{"line":177,"column":6},"end":{"line":177,"column":72}}]},"27":{"loc":{"start":{"line":181,"column":6},"end":{"line":181,"column":72}},"type":"if","locations":[{"start":{"line":181,"column":6},"end":{"line":181,"column":72}}]},"28":{"loc":{"start":{"line":185,"column":6},"end":{"line":185,"column":72}},"type":"if","locations":[{"start":{"line":185,"column":6},"end":{"line":185,"column":72}}]},"29":{"loc":{"start":{"line":192,"column":6},"end":{"line":192,"column":68}},"type":"if","locations":[{"start":{"line":192,"column":6},"end":{"line":192,"column":68}}]},"30":{"loc":{"start":{"line":192,"column":10},"end":{"line":192,"column":29}},"type":"binary-expr","locations":[{"start":{"line":192,"column":10},"end":{"line":192,"column":18}},{"start":{"line":192,"column":22},"end":{"line":192,"column":29}}]},"31":{"loc":{"start":{"line":196,"column":6},"end":{"line":196,"column":68}},"type":"if","locations":[{"start":{"line":196,"column":6},"end":{"line":196,"column":68}}]},"32":{"loc":{"start":{"line":196,"column":10},"end":{"line":196,"column":29}},"type":"binary-expr","locations":[{"start":{"line":196,"column":10},"end":{"line":196,"column":18}},{"start":{"line":196,"column":22},"end":{"line":196,"column":29}}]},"33":{"loc":{"start":{"line":209,"column":2},"end":{"line":211,"column":3}},"type":"if","locations":[{"start":{"line":209,"column":2},"end":{"line":211,"column":3}}]},"34":{"loc":{"start":{"line":209,"column":6},"end":{"line":209,"column":35}},"type":"binary-expr","locations":[{"start":{"line":209,"column":6},"end":{"line":209,"column":26}},{"start":{"line":209,"column":30},"end":{"line":209,"column":35}}]},"35":{"loc":{"start":{"line":212,"column":2},"end":{"line":212,"column":53}},"type":"if","locations":[{"start":{"line":212,"column":2},"end":{"line":212,"column":53}}]},"36":{"loc":{"start":{"line":213,"column":2},"end":{"line":213,"column":35}},"type":"if","locations":[{"start":{"line":213,"column":2},"end":{"line":213,"column":35}}]},"37":{"loc":{"start":{"line":213,"column":6},"end":{"line":213,"column":24}},"type":"binary-expr","locations":[{"start":{"line":213,"column":6},"end":{"line":213,"column":13}},{"start":{"line":213,"column":17},"end":{"line":213,"column":24}}]}},"s":{"0":2,"1":2,"2":2,"3":2,"4":7,"5":3,"6":36,"7":1,"8":35,"9":35,"10":28,"11":0,"12":28,"13":35,"14":35,"15":28,"16":0,"17":28,"18":53,"19":46,"20":25,"21":25,"22":6,"23":6,"24":19,"25":1,"26":1,"27":18,"28":46,"29":60,"30":56,"31":35,"32":35,"33":4,"34":4,"35":31,"36":6,"37":6,"38":6,"39":3,"40":3,"41":25,"42":53,"43":73,"44":69,"45":3,"46":3,"47":3,"48":66,"49":73,"50":3,"51":3,"52":70,"53":0,"54":70,"55":73,"56":69,"57":2,"58":2,"59":69,"60":73,"61":2,"62":2,"63":2,"64":0,"65":2,"66":2,"67":71,"68":71,"69":16,"70":16,"71":16,"72":0,"73":16,"74":16,"75":16,"76":0,"77":16,"78":16,"79":55,"80":55,"81":55,"82":55,"83":0,"84":16,"85":7,"86":16,"87":2,"88":16,"89":2,"90":1,"91":1,"92":3,"93":2,"94":1,"95":0,"96":0,"97":0,"98":1,"99":0,"100":1,"101":3,"102":3,"103":1,"104":3,"105":1,"106":2,"107":0,"108":0,"109":0,"110":0,"111":0,"112":0,"113":0,"114":0,"115":0,"116":9,"117":2,"118":7,"119":1,"120":6,"121":2,"122":4,"123":4,"124":4,"125":21,"126":4},"f":{"0":7,"1":3,"2":36,"3":35,"4":53,"5":60,"6":73,"7":73,"8":73,"9":73,"10":16,"11":7,"12":2,"13":9},"b":{"0":[1],"1":[36,35],"2":[0],"3":[0],"4":[6,19],"5":[1,18],"6":[4,31],"7":[6,25],"8":[3],"9":[3],"10":[69,38],"11":[3],"12":[73,73],"13":[0],"14":[70,70],"15":[71,40],"16":[2],"17":[0],"18":[16],"19":[0],"20":[0],"21":[55],"22":[5,2],"23":[1,1],"24":[2,3,3,0,1,3,3,1,3,0,0,0,0,0,0,0],"25":[1],"26":[2],"27":[0],"28":[0],"29":[1],"30":[3,3],"31":[0],"32":[0,0],"33":[2],"34":[9,8],"35":[1],"36":[2],"37":[6,5]}}
}
