TN:
SF:src/App.tsx
FN:3,App
FNF:1
FNH:0
FNDA:0,App
DA:1,0
DA:3,0
DA:4,0
LF:3
LH:0
BRF:0
BRH:0
end_of_record
TN:
SF:src/components/CalcButton.tsx
FN:21,CalcButton
FNF:1
FNH:1
FNDA:6,CalcButton
DA:12,1
DA:21,1
DA:29,6
LF:3
LH:3
BRDA:24,0,0,5
BRDA:25,1,0,5
BRDA:32,2,0,6
BRDA:32,2,1,5
BRDA:33,3,0,6
BRDA:33,3,1,5
BRDA:36,4,0,1
BRDA:36,4,1,5
BRF:8
BRH:8
end_of_record
TN:
SF:src/components/Calculator.tsx
FN:9,Calculator
FN:34,(anonymous_1)
FN:43,(anonymous_2)
FN:49,(anonymous_3)
FN:96,(anonymous_4)
FN:97,(anonymous_5)
FN:98,(anonymous_6)
FN:99,(anonymous_7)
FN:100,(anonymous_8)
FN:103,(anonymous_9)
FN:104,(anonymous_10)
FN:105,(anonymous_11)
FN:106,(anonymous_12)
FN:107,(anonymous_13)
FN:110,(anonymous_14)
FN:111,(anonymous_15)
FN:112,(anonymous_16)
FN:113,(anonymous_17)
FN:114,(anonymous_18)
FN:121,(anonymous_19)
FN:124,(anonymous_20)
FN:125,(anonymous_21)
FN:126,(anonymous_22)
FN:128,(anonymous_23)
FN:131,(anonymous_24)
FN:132,(anonymous_25)
FN:133,(anonymous_26)
FN:135,(anonymous_27)
FN:138,(anonymous_28)
FN:139,(anonymous_29)
FN:140,(anonymous_30)
FN:142,(anonymous_31)
FN:145,(anonymous_32)
FN:151,(anonymous_33)
FNF:34
FNH:0
FNDA:0,Calculator
FNDA:0,(anonymous_1)
FNDA:0,(anonymous_2)
FNDA:0,(anonymous_3)
FNDA:0,(anonymous_4)
FNDA:0,(anonymous_5)
FNDA:0,(anonymous_6)
FNDA:0,(anonymous_7)
FNDA:0,(anonymous_8)
FNDA:0,(anonymous_9)
FNDA:0,(anonymous_10)
FNDA:0,(anonymous_11)
FNDA:0,(anonymous_12)
FNDA:0,(anonymous_13)
FNDA:0,(anonymous_14)
FNDA:0,(anonymous_15)
FNDA:0,(anonymous_16)
FNDA:0,(anonymous_17)
FNDA:0,(anonymous_18)
FNDA:0,(anonymous_19)
FNDA:0,(anonymous_20)
FNDA:0,(anonymous_21)
FNDA:0,(anonymous_22)
FNDA:0,(anonymous_23)
FNDA:0,(anonymous_24)
FNDA:0,(anonymous_25)
FNDA:0,(anonymous_26)
FNDA:0,(anonymous_27)
FNDA:0,(anonymous_28)
FNDA:0,(anonymous_29)
FNDA:0,(anonymous_30)
FNDA:0,(anonymous_31)
FNDA:0,(anonymous_32)
FNDA:0,(anonymous_33)
DA:1,0
DA:2,0
DA:3,0
DA:4,0
DA:5,0
DA:6,0
DA:9,0
DA:27,0
DA:29,0
DA:30,0
DA:31,0
DA:34,0
DA:35,0
DA:36,0
DA:37,0
DA:42,0
DA:43,0
DA:44,0
DA:45,0
DA:48,0
DA:49,0
DA:53,0
DA:57,0
DA:67,0
DA:96,0
DA:97,0
DA:98,0
DA:99,0
DA:100,0
DA:103,0
DA:104,0
DA:105,0
DA:106,0
DA:107,0
DA:110,0
DA:111,0
DA:112,0
DA:113,0
DA:114,0
DA:121,0
DA:124,0
DA:125,0
DA:126,0
DA:128,0
DA:131,0
DA:132,0
DA:133,0
DA:135,0
DA:138,0
DA:139,0
DA:140,0
DA:142,0
DA:145,0
DA:151,0
LF:54
LH:0
BRDA:48,0,0,0
BRDA:48,1,0,0
BRDA:48,1,1,0
BRDA:48,1,2,0
BRDA:48,1,3,0
BRDA:88,2,0,0
BRDA:88,2,1,0
BRF:7
BRH:0
end_of_record
TN:
SF:src/components/Display.tsx
FN:11,Display
FNF:1
FNH:1
FNDA:7,Display
DA:11,1
DA:12,7
LF:2
LH:2
BRDA:16,0,0,7
BRDA:16,0,1,0
BRDA:19,1,0,7
BRDA:19,1,1,1
BRDA:24,2,0,6
BRDA:24,2,1,1
BRDA:34,3,0,1
BRDA:34,3,1,6
BRDA:36,4,0,0
BRDA:36,4,1,6
BRDA:38,5,0,0
BRDA:38,5,1,6
BRF:12
BRH:9
end_of_record
TN:
SF:src/components/HistoryPanel.tsx
FN:8,HistoryPanel
FN:28,(anonymous_1)
FNF:2
FNH:2
FNDA:6,HistoryPanel
FNDA:6,(anonymous_1)
DA:8,1
DA:9,6
DA:29,6
LF:3
LH:3
BRDA:23,0,0,3
BRDA:23,0,1,3
BRF:2
BRH:2
end_of_record
TN:
SF:src/hooks/useCalculator.ts
FN:31,calculatorReducer
FN:222,formatResult
FN:229,useCalculator
FN:232,(anonymous_3)
FN:233,(anonymous_4)
FN:234,(anonymous_5)
FN:235,(anonymous_6)
FN:237,(anonymous_7)
FN:238,(anonymous_8)
FN:239,(anonymous_9)
FN:240,(anonymous_10)
FN:241,(anonymous_11)
FN:242,(anonymous_12)
FN:243,(anonymous_13)
FN:244,(anonymous_14)
FN:245,(anonymous_15)
FN:246,(anonymous_16)
FN:247,(anonymous_17)
FNF:18
FNH:17
FNDA:55,calculatorReducer
FNDA:4,formatResult
FNDA:73,useCalculator
FNDA:28,(anonymous_3)
FNDA:4,(anonymous_4)
FNDA:1,(anonymous_5)
FNDA:0,(anonymous_6)
FNDA:2,(anonymous_7)
FNDA:4,(anonymous_8)
FNDA:3,(anonymous_9)
FNDA:1,(anonymous_10)
FNDA:3,(anonymous_11)
FNDA:2,(anonymous_12)
FNDA:1,(anonymous_13)
FNDA:3,(anonymous_14)
FNDA:1,(anonymous_15)
FNDA:1,(anonymous_16)
FNDA:1,(anonymous_17)
DA:1,1
DA:3,1
DA:22,1
DA:32,55
DA:33,3
DA:36,52
DA:37,1
DA:40,1
DA:42,1
DA:43,1
DA:51,0
DA:55,51
DA:57,27
DA:58,4
DA:65,23
DA:66,23
DA:76,2
DA:77,0
DA:84,2
DA:85,1
DA:93,4
DA:95,4
DA:96,4
DA:104,1
DA:113,0
DA:114,0
DA:121,0
DA:129,4
DA:130,4
DA:131,4
DA:132,2
DA:133,2
DA:141,2
DA:151,1
DA:152,0
DA:154,1
DA:162,3
DA:163,3
DA:167,3
DA:170,3
DA:174,2
DA:178,1
DA:179,1
DA:180,1
DA:181,1
DA:182,1
DA:192,3
DA:193,3
DA:197,1
DA:198,1
DA:209,1
DA:213,1
DA:214,1
DA:218,0
DA:223,4
DA:225,4
DA:226,4
DA:229,1
DA:230,73
DA:232,73
DA:233,73
DA:234,73
DA:235,73
DA:236,0
DA:237,73
DA:238,73
DA:239,73
DA:240,73
DA:241,73
DA:242,73
DA:243,73
DA:244,73
DA:245,73
DA:246,73
DA:247,73
DA:249,73
LF:76
LH:68
BRDA:32,0,0,3
BRDA:36,1,0,1
BRDA:36,2,0,52
BRDA:36,2,1,1
BRDA:37,3,0,0
BRDA:37,3,1,1
BRDA:37,4,0,1
BRDA:37,4,1,1
BRDA:37,4,2,1
BRDA:37,4,3,1
BRDA:40,5,0,1
BRDA:40,5,1,0
BRDA:55,6,0,27
BRDA:55,6,1,2
BRDA:55,6,2,4
BRDA:55,6,3,1
BRDA:55,6,4,0
BRDA:55,6,5,4
BRDA:55,6,6,1
BRDA:55,6,7,3
BRDA:55,6,8,2
BRDA:55,6,9,1
BRDA:55,6,10,3
BRDA:55,6,11,1
BRDA:55,6,12,1
BRDA:55,6,13,1
BRDA:55,6,14,0
BRDA:57,7,0,4
BRDA:65,8,0,16
BRDA:65,8,1,7
BRDA:69,9,0,16
BRDA:69,9,1,7
BRDA:69,10,0,23
BRDA:69,10,1,7
BRDA:76,11,0,0
BRDA:84,12,0,1
BRDA:113,13,0,0
BRDA:129,14,0,0
BRDA:143,15,0,2
BRDA:143,15,1,0
BRDA:151,16,0,0
BRDA:151,17,0,1
BRDA:151,17,1,1
BRDA:162,18,0,0
BRDA:162,19,0,3
BRDA:162,19,1,3
BRDA:163,20,0,1
BRDA:163,20,1,2
BRDA:167,21,0,3
BRDA:167,21,1,0
BRDA:174,22,0,1
BRDA:174,22,1,1
BRDA:179,23,0,0
BRDA:185,24,0,1
BRDA:185,24,1,0
BRDA:193,25,0,0
BRDA:193,25,1,3
BRDA:201,26,0,0
BRDA:201,26,1,1
BRDA:214,27,0,0
BRDA:214,27,1,1
BRDA:223,28,0,0
BRF:62
BRH:45
end_of_record
TN:
SF:src/hooks/useKeyboardInput.ts
FN:13,useKeyboardInput
FN:20,(anonymous_1)
FN:39,(anonymous_2)
FN:41,(anonymous_3)
FNF:4
FNH:4
FNDA:19,useKeyboardInput
FNDA:31,(anonymous_1)
FNDA:19,(anonymous_2)
FNDA:19,(anonymous_3)
DA:1,1
DA:13,1
DA:17,19
DA:19,19
DA:21,31
DA:22,28
DA:23,25
DA:24,25
DA:25,14
DA:26,13
DA:27,12
DA:28,11
DA:29,10
DA:30,9
DA:31,8
DA:32,6
DA:33,5
DA:34,4
DA:39,19
DA:40,19
DA:41,19
LF:21
LH:21
BRDA:15,0,0,18
BRDA:21,1,0,3
BRDA:22,2,0,3
BRDA:22,3,0,28
BRDA:22,3,1,27
BRDA:22,3,2,26
BRDA:24,4,0,11
BRDA:24,4,1,14
BRDA:24,5,0,25
BRDA:24,5,1,19
BRDA:25,6,0,1
BRDA:25,6,1,13
BRDA:26,7,0,1
BRDA:26,7,1,12
BRDA:27,8,0,1
BRDA:27,8,1,11
BRDA:28,9,0,1
BRDA:28,9,1,10
BRDA:29,10,0,1
BRDA:29,10,1,9
BRDA:30,11,0,1
BRDA:30,11,1,8
BRDA:31,12,0,2
BRDA:31,12,1,6
BRDA:31,13,0,8
BRDA:31,13,1,7
BRDA:32,14,0,1
BRDA:32,14,1,5
BRDA:33,15,0,1
BRDA:33,15,1,4
BRDA:34,16,0,1
BRF:31
BRH:31
end_of_record
TN:
SF:src/utils/mathEngine.ts
FN:6,toRad
FN:13,toDeg
FN:22,evaluate
FN:50,parseExpression
FN:59,parseAddSub
FN:76,parseMulDiv
FN:95,parsePower
FN:105,parseUnary
FN:116,parsePostfix
FN:125,parsePrimary
FN:166,applyFunction
FN:167,(anonymous_11)
FN:168,(anonymous_12)
FN:208,factorial
FNF:14
FNH:14
FNDA:7,toRad
FNDA:3,toDeg
FNDA:36,evaluate
FNDA:35,parseExpression
FNDA:53,parseAddSub
FNDA:60,parseMulDiv
FNDA:73,parsePower
FNDA:73,parseUnary
FNDA:73,parsePostfix
FNDA:73,parsePrimary
FNDA:16,applyFunction
FNDA:7,(anonymous_11)
FNDA:2,(anonymous_12)
FNDA:9,factorial
DA:6,2
DA:7,7
DA:13,2
DA:14,3
DA:22,2
DA:23,36
DA:24,1
DA:28,35
DA:33,35
DA:35,28
DA:36,0
DA:39,28
DA:51,35
DA:52,35
DA:53,28
DA:54,0
DA:56,28
DA:60,53
DA:61,46
DA:62,25
DA:63,25
DA:64,6
DA:65,6
DA:66,19
DA:67,1
DA:68,1
DA:70,18
DA:73,46
DA:77,60
DA:78,56
DA:79,35
DA:80,35
DA:81,4
DA:82,4
DA:83,31
DA:84,6
DA:85,6
DA:86,6
DA:87,3
DA:89,25
DA:92,53
DA:96,73
DA:97,69
DA:98,3
DA:99,3
DA:100,3
DA:102,66
DA:106,73
DA:107,3
DA:108,3
DA:110,70
DA:111,0
DA:113,70
DA:117,73
DA:118,69
DA:119,2
DA:120,2
DA:122,69
DA:127,73
DA:128,2
DA:129,2
DA:130,2
DA:131,0
DA:133,2
DA:134,2
DA:138,71
DA:141,71
DA:142,16
DA:143,16
DA:144,16
DA:145,0
DA:147,16
DA:148,16
DA:149,16
DA:150,0
DA:152,16
DA:153,16
DA:157,55
DA:158,55
DA:159,55
DA:160,55
DA:163,0
DA:167,16
DA:168,16
DA:170,16
DA:172,2
DA:173,1
DA:177,3
DA:178,1
DA:181,0
DA:182,0
DA:185,1
DA:186,1
DA:188,3
DA:189,3
DA:190,1
DA:192,3
DA:193,2
DA:196,0
DA:197,0
DA:199,0
DA:200,0
DA:201,0
DA:202,0
DA:203,0
DA:204,0
DA:208,2
DA:209,9
DA:210,2
DA:212,7
DA:213,6
DA:214,4
DA:215,4
DA:216,21
DA:218,4
LF:115
LH:98
BRDA:23,0,0,1
BRDA:23,1,0,36
BRDA:23,1,1,35
BRDA:35,2,0,0
BRDA:53,3,0,0
BRDA:63,4,0,6
BRDA:63,4,1,19
BRDA:66,5,0,1
BRDA:66,5,1,18
BRDA:80,6,0,4
BRDA:80,6,1,31
BRDA:83,7,0,6
BRDA:83,7,1,25
BRDA:86,8,0,3
BRDA:97,9,0,3
BRDA:97,10,0,69
BRDA:97,10,1,38
BRDA:106,11,0,3
BRDA:106,12,0,73
BRDA:106,12,1,73
BRDA:110,13,0,0
BRDA:110,14,0,70
BRDA:110,14,1,70
BRDA:118,15,0,71
BRDA:118,15,1,40
BRDA:127,16,0,2
BRDA:130,17,0,0
BRDA:141,18,0,16
BRDA:144,19,0,0
BRDA:149,20,0,0
BRDA:158,21,0,55
BRDA:167,22,0,5
BRDA:167,22,1,2
BRDA:168,23,0,1
BRDA:168,23,1,1
BRDA:170,24,0,2
BRDA:170,24,1,3
BRDA:170,24,2,3
BRDA:170,24,3,0
BRDA:170,24,4,1
BRDA:170,24,5,3
BRDA:170,24,6,3
BRDA:170,24,7,1
BRDA:170,24,8,3
BRDA:170,24,9,0
BRDA:170,24,10,0
BRDA:170,24,11,0
BRDA:170,24,12,0
BRDA:170,24,13,0
BRDA:170,24,14,0
BRDA:170,24,15,0
BRDA:172,25,0,1
BRDA:177,26,0,2
BRDA:181,27,0,0
BRDA:185,28,0,0
BRDA:192,29,0,1
BRDA:192,30,0,3
BRDA:192,30,1,3
BRDA:196,31,0,0
BRDA:196,32,0,0
BRDA:196,32,1,0
BRDA:209,33,0,2
BRDA:209,34,0,9
BRDA:209,34,1,8
BRDA:212,35,0,1
BRDA:213,36,0,2
BRDA:213,37,0,6
BRDA:213,37,1,5
BRF:68
BRH:49
end_of_record
